RDKit not available. Molecular validation and property calculation will be limited.
SURGE executable not found. SURGE method will be unavailable.
BoTorch未安装，将使用scikit-learn或随机生成
无法导入数据库查询模块: No module named 'pymysql'，使用模拟数据
 * Serving Flask app 'app'
 * Debug mode: on
WARNING: This is a development server. Do not use it in a production deployment. Use a production WSGI server instead.
 * Running on all addresses (0.0.0.0)
 * Running on http://127.0.0.1:5008
 * Running on http://183.173.52.38:5008
Press CTRL+C to quit
 * Restarting with watchdog (fsevents)
RDKit not available. Molecular validation and property calculation will be limited.
SURGE executable not found. SURGE method will be unavailable.
BoTorch未安装，将使用scikit-learn或随机生成
无法导入数据库查询模块: No module named 'pymysql'，使用模拟数据
 * Debugger is active!
 * Debugger PIN: 830-833-314
/Users/liucunyu/anaconda3/lib/python3.13/multiprocessing/resource_tracker.py:301: UserWarning: resource_tracker: There appear to be 1 leaked semaphore objects to clean up at shutdown: {'/loky-42972-vyqkyhxo'}
  warnings.warn(
