/Users/liucunyu/Documents/all_code/thu_2025/fine-tune/allcode_chemind_server/agent/vectordb/paper_text_clean/10.1001_archderm.136.7.857.json
/Users/liucunyu/Documents/all_code/thu_2025/fine-tune/allcode_chemind_server/agent/vectordb/paper_text_clean/10.1001_archgenpsychiatry.2009.34.json
/Users/liucunyu/Documents/all_code/thu_2025/fine-tune/allcode_chemind_server/agent/vectordb/paper_text_clean/10.1001_archgenpsychiatry.2012.160.json
/Users/liucunyu/Documents/all_code/thu_2025/fine-tune/allcode_chemind_server/agent/vectordb/paper_text_clean/10.1001_archinte.159.22.2647.json
/Users/liucunyu/Documents/all_code/thu_2025/fine-tune/allcode_chemind_server/agent/vectordb/paper_text_clean/10.1001_archinte.1978.03630360114049.json
/Users/liucunyu/Documents/all_code/thu_2025/fine-tune/allcode_chemind_server/agent/vectordb/paper_text_clean/10.1001_archinte.1978.03630360114051.json
/Users/liucunyu/Documents/all_code/thu_2025/fine-tune/allcode_chemind_server/agent/vectordb/paper_text_clean/10.1001_archinte.1987.00370100063012.json
/Users/liucunyu/Documents/all_code/thu_2025/fine-tune/allcode_chemind_server/agent/vectordb/paper_text_clean/10.1001_archinte.1989.00390010054004.json
/Users/liucunyu/Documents/all_code/thu_2025/fine-tune/allcode_chemind_server/agent/vectordb/paper_text_clean/10.1001_archneur.1960.00450010074007.json
/Users/liucunyu/Documents/all_code/thu_2025/fine-tune/allcode_chemind_server/agent/vectordb/paper_text_clean/10.1001_archneur.1963.00460030048004.json
/Users/liucunyu/Documents/all_code/thu_2025/fine-tune/allcode_chemind_server/agent/vectordb/paper_text_clean/10.1001_archneur.1973.00490300037004.json
/Users/liucunyu/Documents/all_code/thu_2025/fine-tune/allcode_chemind_server/agent/vectordb/paper_text_clean/10.1001_archneur.1984.04050150084022.json
/Users/liucunyu/Documents/all_code/thu_2025/fine-tune/allcode_chemind_server/agent/vectordb/paper_text_clean/10.1001_archneur.1992.00530340059019.json
/Users/liucunyu/Documents/all_code/thu_2025/fine-tune/allcode_chemind_server/agent/vectordb/paper_text_clean/10.1001_archneur.55.5.618.json
/Users/liucunyu/Documents/all_code/thu_2025/fine-tune/allcode_chemind_server/agent/vectordb/paper_text_clean/10.1001_archneur.56.3.303.json
/Users/liucunyu/Documents/all_code/thu_2025/fine-tune/allcode_chemind_server/agent/vectordb/paper_text_clean/10.1001_archneur.56.4.445.json
/Users/liucunyu/Documents/all_code/thu_2025/fine-tune/allcode_chemind_server/agent/vectordb/paper_text_clean/10.1001_archneur.57.10.1413.json
/Users/liucunyu/Documents/all_code/thu_2025/fine-tune/allcode_chemind_server/agent/vectordb/paper_text_clean/10.1001_archneur.64.2.185.json
/Users/liucunyu/Documents/all_code/thu_2025/fine-tune/allcode_chemind_server/agent/vectordb/paper_text_clean/10.1001_archneurol.2007.16.json
/Users/liucunyu/Documents/all_code/thu_2025/fine-tune/allcode_chemind_server/agent/vectordb/paper_text_clean/10.1001_archneurol.2009.217.json
/Users/liucunyu/Documents/all_code/thu_2025/fine-tune/allcode_chemind_server/agent/vectordb/paper_text_clean/10.1001_archneurpsyc.1950.02310260034002.json
/Users/liucunyu/Documents/all_code/thu_2025/fine-tune/allcode_chemind_server/agent/vectordb/paper_text_clean/10.1001_archopht.120.6.791.json
/Users/liucunyu/Documents/all_code/thu_2025/fine-tune/allcode_chemind_server/agent/vectordb/paper_text_clean/10.1001_archopht.1953.00920030508011.json
/Users/liucunyu/Documents/all_code/thu_2025/fine-tune/allcode_chemind_server/agent/vectordb/paper_text_clean/10.1001_archopht.1992.01080140123039.json
/Users/liucunyu/Documents/all_code/thu_2025/fine-tune/allcode_chemind_server/agent/vectordb/paper_text_clean/10.1001_archotol.1991.01870170065015.json
/Users/liucunyu/Documents/all_code/thu_2025/fine-tune/allcode_chemind_server/agent/vectordb/paper_text_clean/10.1001_archpedi.156.8.763.json
/Users/liucunyu/Documents/all_code/thu_2025/fine-tune/allcode_chemind_server/agent/vectordb/paper_text_clean/10.1001_archpsyc.1970.01750020089012.json
/Users/liucunyu/Documents/all_code/thu_2025/fine-tune/allcode_chemind_server/agent/vectordb/paper_text_clean/10.1001_archpsyc.1973.01750320005001.json
/Users/liucunyu/Documents/all_code/thu_2025/fine-tune/allcode_chemind_server/agent/vectordb/paper_text_clean/10.1001_archpsyc.1975.01760210109008.json
/Users/liucunyu/Documents/all_code/thu_2025/fine-tune/allcode_chemind_server/agent/vectordb/paper_text_clean/10.1001_archpsyc.1976.01770060003001.json
/Users/liucunyu/Documents/all_code/thu_2025/fine-tune/allcode_chemind_server/agent/vectordb/paper_text_clean/10.1001_archpsyc.1976.01770080091009.json
/Users/liucunyu/Documents/all_code/thu_2025/fine-tune/allcode_chemind_server/agent/vectordb/paper_text_clean/10.1001_archpsyc.1988.01800270040005.json
/Users/liucunyu/Documents/all_code/thu_2025/fine-tune/allcode_chemind_server/agent/vectordb/paper_text_clean/10.1001_archpsyc.1990.01810200028004.json
/Users/liucunyu/Documents/all_code/thu_2025/fine-tune/allcode_chemind_server/agent/vectordb/paper_text_clean/10.1001_archpsyc.1992.01820020021003.json
/Users/liucunyu/Documents/all_code/thu_2025/fine-tune/allcode_chemind_server/agent/vectordb/paper_text_clean/10.1001_archpsyc.1993.01820160064008.json
/Users/liucunyu/Documents/all_code/thu_2025/fine-tune/allcode_chemind_server/agent/vectordb/paper_text_clean/10.1001_archpsyc.1994.03950010051007.json
/Users/liucunyu/Documents/all_code/thu_2025/fine-tune/allcode_chemind_server/agent/vectordb/paper_text_clean/10.1001_archpsyc.1995.03950140032004.json
/Users/liucunyu/Documents/all_code/thu_2025/fine-tune/allcode_chemind_server/agent/vectordb/paper_text_clean/10.1001_archpsyc.1995.03950240016004.json
/Users/liucunyu/Documents/all_code/thu_2025/fine-tune/allcode_chemind_server/agent/vectordb/paper_text_clean/10.1001_archpsyc.55.8.708.json
/Users/liucunyu/Documents/all_code/thu_2025/fine-tune/allcode_chemind_server/agent/vectordb/paper_text_clean/10.1001_archpsyc.56.9.781.json
/Users/liucunyu/Documents/all_code/thu_2025/fine-tune/allcode_chemind_server/agent/vectordb/paper_text_clean/10.1001_archpsyc.58.3.303.json
/Users/liucunyu/Documents/all_code/thu_2025/fine-tune/allcode_chemind_server/agent/vectordb/paper_text_clean/10.1001_archpsyc.59.5.425.json
/Users/liucunyu/Documents/all_code/thu_2025/fine-tune/allcode_chemind_server/agent/vectordb/paper_text_clean/10.1001_archpsyc.62.2.127.json
/Users/liucunyu/Documents/all_code/thu_2025/fine-tune/allcode_chemind_server/agent/vectordb/paper_text_clean/10.1001_archpsyc.64.9.1032.json
/Users/liucunyu/Documents/all_code/thu_2025/fine-tune/allcode_chemind_server/agent/vectordb/paper_text_clean/10.1001_archsurg.135.1.39.json
/Users/liucunyu/Documents/all_code/thu_2025/fine-tune/allcode_chemind_server/agent/vectordb/paper_text_clean/10.1001_archsurg.1965.01320100106016.json
/Users/liucunyu/Documents/all_code/thu_2025/fine-tune/allcode_chemind_server/agent/vectordb/paper_text_clean/10.1001_archsurg.1980.01380070077023.json
/Users/liucunyu/Documents/all_code/thu_2025/fine-tune/allcode_chemind_server/agent/vectordb/paper_text_clean/10.1001_jama.1886.04250070069002.json
/Users/liucunyu/Documents/all_code/thu_2025/fine-tune/allcode_chemind_server/agent/vectordb/paper_text_clean/10.1001_jama.1907.25320170029002e.json
/Users/liucunyu/Documents/all_code/thu_2025/fine-tune/allcode_chemind_server/agent/vectordb/paper_text_clean/10.1001_jama.1913.04340050045020.json
/Users/liucunyu/Documents/all_code/thu_2025/fine-tune/allcode_chemind_server/agent/vectordb/paper_text_clean/10.1001_jama.1938.72790530016012.json
/Users/liucunyu/Documents/all_code/thu_2025/fine-tune/allcode_chemind_server/agent/vectordb/paper_text_clean/10.1001_jama.1948.02890280065025.json
/Users/liucunyu/Documents/all_code/thu_2025/fine-tune/allcode_chemind_server/agent/vectordb/paper_text_clean/10.1001_jama.1956.02960390027008.json
/Users/liucunyu/Documents/all_code/thu_2025/fine-tune/allcode_chemind_server/agent/vectordb/paper_text_clean/10.1001_jama.1959.03010290054013.json
/Users/liucunyu/Documents/all_code/thu_2025/fine-tune/allcode_chemind_server/agent/vectordb/paper_text_clean/10.1001_jama.1968.03140250005002.json
/Users/liucunyu/Documents/all_code/thu_2025/fine-tune/allcode_chemind_server/agent/vectordb/paper_text_clean/10.1001_jama.1968.03150100007003.json
/Users/liucunyu/Documents/all_code/thu_2025/fine-tune/allcode_chemind_server/agent/vectordb/paper_text_clean/10.1001_jama.1969.03160270039005.json
/Users/liucunyu/Documents/all_code/thu_2025/fine-tune/allcode_chemind_server/agent/vectordb/paper_text_clean/10.1001_jama.1969.03160280033005.json
/Users/liucunyu/Documents/all_code/thu_2025/fine-tune/allcode_chemind_server/agent/vectordb/paper_text_clean/10.1001_jama.1979.03290370045027.json
/Users/liucunyu/Documents/all_code/thu_2025/fine-tune/allcode_chemind_server/agent/vectordb/paper_text_clean/10.1001_jama.1979.03300240010008.json
/Users/liucunyu/Documents/all_code/thu_2025/fine-tune/allcode_chemind_server/agent/vectordb/paper_text_clean/10.1001_jama.1981.03310390074035.json
/Users/liucunyu/Documents/all_code/thu_2025/fine-tune/allcode_chemind_server/agent/vectordb/paper_text_clean/10.1001_jama.1983.03330420050034.json
/Users/liucunyu/Documents/all_code/thu_2025/fine-tune/allcode_chemind_server/agent/vectordb/paper_text_clean/10.1001_jama.1987.03390110105044.json
/Users/liucunyu/Documents/all_code/thu_2025/fine-tune/allcode_chemind_server/agent/vectordb/paper_text_clean/10.1001_jama.1987.03390110106046.json
/Users/liucunyu/Documents/all_code/thu_2025/fine-tune/allcode_chemind_server/agent/vectordb/paper_text_clean/10.1001_jama.1987.03390110106047.json
/Users/liucunyu/Documents/all_code/thu_2025/fine-tune/allcode_chemind_server/agent/vectordb/paper_text_clean/10.1001_jama.1988.03720230043028.json
/Users/liucunyu/Documents/all_code/thu_2025/fine-tune/allcode_chemind_server/agent/vectordb/paper_text_clean/10.1001_jama.1993.03510010089036.json
/Users/liucunyu/Documents/all_code/thu_2025/fine-tune/allcode_chemind_server/agent/vectordb/paper_text_clean/10.1001_jama.1993.03510160111041.json
/Users/liucunyu/Documents/all_code/thu_2025/fine-tune/allcode_chemind_server/agent/vectordb/paper_text_clean/10.1001_jama.1995.03520340064038.json
/Users/liucunyu/Documents/all_code/thu_2025/fine-tune/allcode_chemind_server/agent/vectordb/paper_text_clean/10.1001_jama.1995.03520440052036.json
/Users/liucunyu/Documents/all_code/thu_2025/fine-tune/allcode_chemind_server/agent/vectordb/paper_text_clean/10.1001_jama.2012.165290.json
/Users/liucunyu/Documents/all_code/thu_2025/fine-tune/allcode_chemind_server/agent/vectordb/paper_text_clean/10.1001_jama.2014.5616.json
/Users/liucunyu/Documents/all_code/thu_2025/fine-tune/allcode_chemind_server/agent/vectordb/paper_text_clean/10.1001_jama.2015.1108.json
/Users/liucunyu/Documents/all_code/thu_2025/fine-tune/allcode_chemind_server/agent/vectordb/paper_text_clean/10.1001_jama.274.20.1591.json
/Users/liucunyu/Documents/all_code/thu_2025/fine-tune/allcode_chemind_server/agent/vectordb/paper_text_clean/10.1001_jama.279.5.353.json
/Users/liucunyu/Documents/all_code/thu_2025/fine-tune/allcode_chemind_server/agent/vectordb/paper_text_clean/10.1001_jama.285.9.1193.json
/Users/liucunyu/Documents/all_code/thu_2025/fine-tune/allcode_chemind_server/agent/vectordb/paper_text_clean/10.1001_jama.287.18.2391.json
/Users/liucunyu/Documents/all_code/thu_2025/fine-tune/allcode_chemind_server/agent/vectordb/paper_text_clean/10.1001_jama.287.24.3201.json
/Users/liucunyu/Documents/all_code/thu_2025/fine-tune/allcode_chemind_server/agent/vectordb/paper_text_clean/10.1001_jama.288.15.1909.json
/Users/liucunyu/Documents/all_code/thu_2025/fine-tune/allcode_chemind_server/agent/vectordb/paper_text_clean/10.1001_jama.288.24.3115.json
/Users/liucunyu/Documents/all_code/thu_2025/fine-tune/allcode_chemind_server/agent/vectordb/paper_text_clean/10.1001_jama.290.8.1029.json
/Users/liucunyu/Documents/all_code/thu_2025/fine-tune/allcode_chemind_server/agent/vectordb/paper_text_clean/10.1001_jama.291.24.2947.json
/Users/liucunyu/Documents/all_code/thu_2025/fine-tune/allcode_chemind_server/agent/vectordb/paper_text_clean/10.1001_jama.291.3.317.json
/Users/liucunyu/Documents/all_code/thu_2025/fine-tune/allcode_chemind_server/agent/vectordb/paper_text_clean/10.1001_jama.293.13.1626.json
/Users/liucunyu/Documents/all_code/thu_2025/fine-tune/allcode_chemind_server/agent/vectordb/paper_text_clean/10.1001_jama.297.10.1103.json
/Users/liucunyu/Documents/all_code/thu_2025/fine-tune/allcode_chemind_server/agent/vectordb/paper_text_clean/10.1001_jamacardio.2019.2952.json
/Users/liucunyu/Documents/all_code/thu_2025/fine-tune/allcode_chemind_server/agent/vectordb/paper_text_clean/10.1001_jamainternmed.2014.4746.json
/Users/liucunyu/Documents/all_code/thu_2025/fine-tune/allcode_chemind_server/agent/vectordb/paper_text_clean/10.1001_jamainternmed.2018.4869.json
/Users/liucunyu/Documents/all_code/thu_2025/fine-tune/allcode_chemind_server/agent/vectordb/paper_text_clean/10.1001_jamainternmed.2019.3505.json
/Users/liucunyu/Documents/all_code/thu_2025/fine-tune/allcode_chemind_server/agent/vectordb/paper_text_clean/10.1001_jamanetworkopen.2019.14051.json
/Users/liucunyu/Documents/all_code/thu_2025/fine-tune/allcode_chemind_server/agent/vectordb/paper_text_clean/10.1001_jamanetworkopen.2020.11122.json
/Users/liucunyu/Documents/all_code/thu_2025/fine-tune/allcode_chemind_server/agent/vectordb/paper_text_clean/10.1001_jamanetworkopen.2020.20836.json
/Users/liucunyu/Documents/all_code/thu_2025/fine-tune/allcode_chemind_server/agent/vectordb/paper_text_clean/10.1001_jamaneurol.2013.580.json
/Users/liucunyu/Documents/all_code/thu_2025/fine-tune/allcode_chemind_server/agent/vectordb/paper_text_clean/10.1001_jamaneurol.2017.0643.json
/Users/liucunyu/Documents/all_code/thu_2025/fine-tune/allcode_chemind_server/agent/vectordb/paper_text_clean/10.1001_jamaneurol.2017.3762.json
/Users/liucunyu/Documents/all_code/thu_2025/fine-tune/allcode_chemind_server/agent/vectordb/paper_text_clean/10.1001_jamaoto.2014.3519.json
/Users/liucunyu/Documents/all_code/thu_2025/fine-tune/allcode_chemind_server/agent/vectordb/paper_text_clean/10.1001_jamapediatrics.2017.0775.json
/Users/liucunyu/Documents/all_code/thu_2025/fine-tune/allcode_chemind_server/agent/vectordb/paper_text_clean/10.1001_jamapsychiatry.2013.4190.json
/Users/liucunyu/Documents/all_code/thu_2025/fine-tune/allcode_chemind_server/agent/vectordb/paper_text_clean/10.1002_((please.json
/Users/liucunyu/Documents/all_code/thu_2025/fine-tune/allcode_chemind_server/agent/vectordb/paper_text_clean/10.1002_(issn)1521-3773.json
/Users/liucunyu/Documents/all_code/thu_2025/fine-tune/allcode_chemind_server/agent/vectordb/paper_text_clean/10.1002_(issn)1614-6840.json
/Users/liucunyu/Documents/all_code/thu_2025/fine-tune/allcode_chemind_server/agent/vectordb/paper_text_clean/10.1002_(issn)1944-8007.json
/Users/liucunyu/Documents/all_code/thu_2025/fine-tune/allcode_chemind_server/agent/vectordb/paper_text_clean/10.1002_(sici)1096-9063(199805)53_1_29__aid-ps749_3.0.co;2-a.json
/Users/liucunyu/Documents/all_code/thu_2025/fine-tune/allcode_chemind_server/agent/vectordb/paper_text_clean/10.1002_(sici)1096-9063(199812)54_4_435__aid-ps844_3.0.co;2-k.json
/Users/liucunyu/Documents/all_code/thu_2025/fine-tune/allcode_chemind_server/agent/vectordb/paper_text_clean/10.1002_(sici)1096-9853(199606)20_6_403__aid-nag832_3.0.co;2-7.json
/Users/liucunyu/Documents/all_code/thu_2025/fine-tune/allcode_chemind_server/agent/vectordb/paper_text_clean/10.1002_(sici)1096-9861(19960422)368_1_57__aid-cne5_3.0.co;2-j.json
/Users/liucunyu/Documents/all_code/thu_2025/fine-tune/allcode_chemind_server/agent/vectordb/paper_text_clean/10.1002_(sici)1096-9861(19970818)385_1_71__aid-cne4_3.0.co;2-9.json
/Users/liucunyu/Documents/all_code/thu_2025/fine-tune/allcode_chemind_server/agent/vectordb/paper_text_clean/10.1002_(sici)1096-9861(19990215)404_3_285__aid-cne1_3.0.co;2-s.json
/Users/liucunyu/Documents/all_code/thu_2025/fine-tune/allcode_chemind_server/agent/vectordb/paper_text_clean/10.1002_(sici)1096-9861(19990809)410_4_586__aid-cne6_3.0.co;2-h.json
/Users/liucunyu/Documents/all_code/thu_2025/fine-tune/allcode_chemind_server/agent/vectordb/paper_text_clean/10.1002_(sici)1096-9861(19991004)412_4_563__aid-cne2_3.0.co;2-z.json
/Users/liucunyu/Documents/all_code/thu_2025/fine-tune/allcode_chemind_server/agent/vectordb/paper_text_clean/10.1002_(sici)1096-9861(19991011)413_1_55__aid-cne3_3.0.co;2-k.json
/Users/liucunyu/Documents/all_code/thu_2025/fine-tune/allcode_chemind_server/agent/vectordb/paper_text_clean/10.1002_(sici)1096-987x(199710)18_13_1591__aid-jcc3_3.0.co;2-m.json
/Users/liucunyu/Documents/all_code/thu_2025/fine-tune/allcode_chemind_server/agent/vectordb/paper_text_clean/10.1002_(sici)1096-987x(19980730)19_10_1111__aid-jcc1_3.0.co;2-p.json
/Users/liucunyu/Documents/all_code/thu_2025/fine-tune/allcode_chemind_server/agent/vectordb/paper_text_clean/10.1002_(sici)1096-9888(199611)31_11_1284__aid-jms422_3.0.co;2-3.json
/Users/liucunyu/Documents/all_code/thu_2025/fine-tune/allcode_chemind_server/agent/vectordb/paper_text_clean/10.1002_(sici)1096-9888(1998110)33_11_1080__aid-jms720_3.0.co;2-2.json
/Users/liucunyu/Documents/all_code/thu_2025/fine-tune/allcode_chemind_server/agent/vectordb/paper_text_clean/10.1002_(sici)1096-9888(199910)34_10_1069__aid-jms868_3.0.co;2-q.json
/Users/liucunyu/Documents/all_code/thu_2025/fine-tune/allcode_chemind_server/agent/vectordb/paper_text_clean/10.1002_(sici)1096-9918(199706)25_7_8_543__aid-sia268_3.0.co;2-t.json
/Users/liucunyu/Documents/all_code/thu_2025/fine-tune/allcode_chemind_server/agent/vectordb/paper_text_clean/10.1002_(sici)1096-9918(199706)25_7_8_548__aid-sia269_3.0.co;2-b.json
/Users/liucunyu/Documents/all_code/thu_2025/fine-tune/allcode_chemind_server/agent/vectordb/paper_text_clean/10.1002_(sici)1096-9918(199907)27_7_629__aid-sia551_3.0.co;2-0.json
/Users/liucunyu/Documents/all_code/thu_2025/fine-tune/allcode_chemind_server/agent/vectordb/paper_text_clean/10.1002_(sici)1097-0029(19970515)37_4_324__aid-jemt7_3.0.co;2-k.json
/Users/liucunyu/Documents/all_code/thu_2025/fine-tune/allcode_chemind_server/agent/vectordb/paper_text_clean/10.1002_(sici)1097-0029(20000415)49_2_123__aid-jemt3_3.0.co;2-r.json
/Users/liucunyu/Documents/all_code/thu_2025/fine-tune/allcode_chemind_server/agent/vectordb/paper_text_clean/10.1002_(sici)1097-010x(19970101)277_1_49__aid-jez5_3.0.co;2-b.json
/Users/liucunyu/Documents/all_code/thu_2025/fine-tune/allcode_chemind_server/agent/vectordb/paper_text_clean/10.1002_(sici)1097-0126(199707)43_3_269__aid-pi776_3.0.co;2-2.json
/Users/liucunyu/Documents/all_code/thu_2025/fine-tune/allcode_chemind_server/agent/vectordb/paper_text_clean/10.1002_(sici)1097-0126(199809)47_1_16__aid-pi18_3.0.co;2-b.json
/Users/liucunyu/Documents/all_code/thu_2025/fine-tune/allcode_chemind_server/agent/vectordb/paper_text_clean/10.1002_(sici)1097-0126(199809)47_1_20__aid-pi5_3.0.co;2-e.json
/Users/liucunyu/Documents/all_code/thu_2025/fine-tune/allcode_chemind_server/agent/vectordb/paper_text_clean/10.1002_(sici)1097-0126(199809)47_1_28__aid-pi3_3.0.co;2-c.json
/Users/liucunyu/Documents/all_code/thu_2025/fine-tune/allcode_chemind_server/agent/vectordb/paper_text_clean/10.1002_(sici)1097-0126(199809)47_1_34__aid-pi2_3.0.co;2-g.json
/Users/liucunyu/Documents/all_code/thu_2025/fine-tune/allcode_chemind_server/agent/vectordb/paper_text_clean/10.1002_(sici)1097-0126(199809)47_1_50__aid-pi4_3.0.co;2-8.json
/Users/liucunyu/Documents/all_code/thu_2025/fine-tune/allcode_chemind_server/agent/vectordb/paper_text_clean/10.1002_(sici)1097-0126(199809)47_1_9__aid-pi69_3.0.co;2-1.json
/Users/liucunyu/Documents/all_code/thu_2025/fine-tune/allcode_chemind_server/agent/vectordb/paper_text_clean/10.1002_(sici)1097-0126(200002)49_2_197__aid-pi327_3.0.co;2-2.json
/Users/liucunyu/Documents/all_code/thu_2025/fine-tune/allcode_chemind_server/agent/vectordb/paper_text_clean/10.1002_(sici)1097-0134(199801)30_1_100__aid-prot9_3.0.co;2-s.json
/Users/liucunyu/Documents/all_code/thu_2025/fine-tune/allcode_chemind_server/agent/vectordb/paper_text_clean/10.1002_(sici)1097-0134(19980701)32_1_67__aid-prot8_3.0.co;2-b.json
/Users/liucunyu/Documents/all_code/thu_2025/fine-tune/allcode_chemind_server/agent/vectordb/paper_text_clean/10.1002_(sici)1097-0134(19991115)37_3_441__aid-prot11_3.0.co;2-7.json
/Users/liucunyu/Documents/all_code/thu_2025/fine-tune/allcode_chemind_server/agent/vectordb/paper_text_clean/10.1002_(sici)1097-0142(19970215)79_4_717__aid-cncr8_3.0.co;2-a.json
/Users/liucunyu/Documents/all_code/thu_2025/fine-tune/allcode_chemind_server/agent/vectordb/paper_text_clean/10.1002_(sici)1097-0142(19970215)79_4_717__aid-cncr8_3.3.co;2-g.json
/Users/liucunyu/Documents/all_code/thu_2025/fine-tune/allcode_chemind_server/agent/vectordb/paper_text_clean/10.1002_(sici)1097-0207(19990810)45_10_1375__aid-nme635_3.0.co;2-7.json
/Users/liucunyu/Documents/all_code/thu_2025/fine-tune/allcode_chemind_server/agent/vectordb/paper_text_clean/10.1002_(sici)1097-0215(19961021)69_5_357__aid-ijc1_3.0.co;2-4.json
/Users/liucunyu/Documents/all_code/thu_2025/fine-tune/allcode_chemind_server/agent/vectordb/paper_text_clean/10.1002_(sici)1097-0231(19970115)11_1_31__aid-rcm784_3.0.co;2-t.json
/Users/liucunyu/Documents/all_code/thu_2025/fine-tune/allcode_chemind_server/agent/vectordb/paper_text_clean/10.1002_(sici)1097-0231(19980227)12_4_157__aid-rcm134_3.0.co;2-m.json
/Users/liucunyu/Documents/all_code/thu_2025/fine-tune/allcode_chemind_server/agent/vectordb/paper_text_clean/10.1002_(sici)1097-0231(19981115)12_21_1644__aid-rcm377_3.0.co;2-7.json
/Users/liucunyu/Documents/all_code/thu_2025/fine-tune/allcode_chemind_server/agent/vectordb/paper_text_clean/10.1002_(sici)1097-0231(19990430)13_8_687__aid-rcm541_3.0.co;2-n.json
/Users/liucunyu/Documents/all_code/thu_2025/fine-tune/allcode_chemind_server/agent/vectordb/paper_text_clean/10.1002_(sici)1097-0266(199905)20_5_445__aid-smj27_3.0.co;2-v.json
/Users/liucunyu/Documents/all_code/thu_2025/fine-tune/allcode_chemind_server/agent/vectordb/paper_text_clean/10.1002_(sici)1097-0274(199904)35_4_366__aid-ajim7_3.0.co;2-n.json
/Users/liucunyu/Documents/all_code/thu_2025/fine-tune/allcode_chemind_server/agent/vectordb/paper_text_clean/10.1002_(sici)1097-0274(199906)35_6_554__aid-ajim2_3.0.co;2-x.json
/Users/liucunyu/Documents/all_code/thu_2025/fine-tune/allcode_chemind_server/agent/vectordb/paper_text_clean/10.1002_(sici)1097-0282(1997)43_2_119__aid-bip4_3.0.co;2-y.json
/Users/liucunyu/Documents/all_code/thu_2025/fine-tune/allcode_chemind_server/agent/vectordb/paper_text_clean/10.1002_(sici)1097-0282(1997)44_3_269__aid-bip6_3.0.co;2-t.json
/Users/liucunyu/Documents/all_code/thu_2025/fine-tune/allcode_chemind_server/agent/vectordb/paper_text_clean/10.1002_(sici)1097-0282(199709)42_3_319__aid-bip5_3.0.co;2-p.json
/Users/liucunyu/Documents/all_code/thu_2025/fine-tune/allcode_chemind_server/agent/vectordb/paper_text_clean/10.1002_(sici)1097-0282(1998)48_2_113__aid-bip3_3.0.co;2-y.json
/Users/liucunyu/Documents/all_code/thu_2025/fine-tune/allcode_chemind_server/agent/vectordb/paper_text_clean/10.1002_(sici)1097-0282(199802)45_2_97__aid-bip1_3.0.co;2-t.json
/Users/liucunyu/Documents/all_code/thu_2025/fine-tune/allcode_chemind_server/agent/vectordb/paper_text_clean/10.1002_(sici)1097-0290(19960205)49_3_277__aid-bit5_3.0.co;2-h.json
/Users/liucunyu/Documents/all_code/thu_2025/fine-tune/allcode_chemind_server/agent/vectordb/paper_text_clean/10.1002_(sici)1097-0290(1998)61_4_203__aid-cc3_3.0.co;2-v.json
/Users/liucunyu/Documents/all_code/thu_2025/fine-tune/allcode_chemind_server/agent/vectordb/paper_text_clean/10.1002_(sici)1097-0290(19981120)60_4_445__aid-bit6_3.0.co;2-m.json
/Users/liucunyu/Documents/all_code/thu_2025/fine-tune/allcode_chemind_server/agent/vectordb/paper_text_clean/10.1002_(sici)1097-0290(19990205)62_3_324__aid-bit9_3.0.co;2-c.json
/Users/liucunyu/Documents/all_code/thu_2025/fine-tune/allcode_chemind_server/agent/vectordb/paper_text_clean/10.1002_(sici)1097-0290(20000720)69_2_227__aid-bit12_3.0.co;2-0.json
/Users/liucunyu/Documents/all_code/thu_2025/fine-tune/allcode_chemind_server/agent/vectordb/paper_text_clean/10.1002_(sici)1097-4547(19980115)51_2_237__aid-jnr12_3.0.co;2-5.json
/Users/liucunyu/Documents/all_code/thu_2025/fine-tune/allcode_chemind_server/agent/vectordb/paper_text_clean/10.1002_(sici)1097-4547(20000401)60_1_65__aid-jnr7_3.0.co;2-q.json
/Users/liucunyu/Documents/all_code/thu_2025/fine-tune/allcode_chemind_server/agent/vectordb/paper_text_clean/10.1002_(sici)1097-4555(199608)27_8_621__aid-jrs4_3.0.co;2-j.json
/Users/liucunyu/Documents/all_code/thu_2025/fine-tune/allcode_chemind_server/agent/vectordb/paper_text_clean/10.1002_(sici)1097-4555(199708)28_8_613__aid-jrs138_3.0.co;2-t.json
/Users/liucunyu/Documents/all_code/thu_2025/fine-tune/allcode_chemind_server/agent/vectordb/paper_text_clean/10.1002_(sici)1097-4555(199808)29_8_713__aid-jrs296_3.0.co;2-j.json
/Users/liucunyu/Documents/all_code/thu_2025/fine-tune/allcode_chemind_server/agent/vectordb/paper_text_clean/10.1002_(sici)1097-4563(199807)15_7_395__aid-rob2_3.0.co;2-h.json
/Users/liucunyu/Documents/all_code/thu_2025/fine-tune/allcode_chemind_server/agent/vectordb/paper_text_clean/10.1002_(sici)1097-4571(1998)49_13_1206__aid-asi7_3.0.co;2-f.json
/Users/liucunyu/Documents/all_code/thu_2025/fine-tune/allcode_chemind_server/agent/vectordb/paper_text_clean/10.1002_(sici)1097-458x(199806)36_13_s151__aid-omr311_3.0.co;2-m.json
/Users/liucunyu/Documents/all_code/thu_2025/fine-tune/allcode_chemind_server/agent/vectordb/paper_text_clean/10.1002_(sici)1097-4601(1999)31_8_525__aid-kin1_3.0.co;2-c.json
/Users/liucunyu/Documents/all_code/thu_2025/fine-tune/allcode_chemind_server/agent/vectordb/paper_text_clean/10.1002_(sici)1097-4601(2000)32_5_263__aid-kin1_3.0.co;2-y.json
/Users/liucunyu/Documents/all_code/thu_2025/fine-tune/allcode_chemind_server/agent/vectordb/paper_text_clean/10.1002_(sici)1097-461x(1996)59_2_119__aid-qua4_3.0.co;2-0.json
/Users/liucunyu/Documents/all_code/thu_2025/fine-tune/allcode_chemind_server/agent/vectordb/paper_text_clean/10.1002_(sici)1097-4628(19960606)60_10_1773__aid-app31_3.0.co;2-2.json
/Users/liucunyu/Documents/all_code/thu_2025/fine-tune/allcode_chemind_server/agent/vectordb/paper_text_clean/10.1002_(sici)1097-4628(19960912)61_11_1991__aid-app13_3.0.co;2-2.json
/Users/liucunyu/Documents/all_code/thu_2025/fine-tune/allcode_chemind_server/agent/vectordb/paper_text_clean/10.1002_(sici)1097-4628(19970124)63_4_425__aid-app3_3.0.co;2-t.json
/Users/liucunyu/Documents/all_code/thu_2025/fine-tune/allcode_chemind_server/agent/vectordb/paper_text_clean/10.1002_(sici)1097-4628(19970425)64_4_667__aid-app5_3.0.co;2-l.json
/Users/liucunyu/Documents/all_code/thu_2025/fine-tune/allcode_chemind_server/agent/vectordb/paper_text_clean/10.1002_(sici)1097-4628(19970718)65_3_601__aid-app20_3.0.co;2-y.json
/Users/liucunyu/Documents/all_code/thu_2025/fine-tune/allcode_chemind_server/agent/vectordb/paper_text_clean/10.1002_(sici)1097-4628(19970808)65_6_1121__aid-app7_3.0.co;2-m.json
/Users/liucunyu/Documents/all_code/thu_2025/fine-tune/allcode_chemind_server/agent/vectordb/paper_text_clean/10.1002_(sici)1097-4628(19970912)65_11_2191__aid-app16_3.0.co;2-6.json
/Users/liucunyu/Documents/all_code/thu_2025/fine-tune/allcode_chemind_server/agent/vectordb/paper_text_clean/10.1002_(sici)1097-4628(19971003)66_1_45__aid-app6_3.0.co;2-o.json
/Users/liucunyu/Documents/all_code/thu_2025/fine-tune/allcode_chemind_server/agent/vectordb/paper_text_clean/10.1002_(sici)1097-4628(19980110)67_2_193__aid-app1_3.0.co;2-p.json
/Users/liucunyu/Documents/all_code/thu_2025/fine-tune/allcode_chemind_server/agent/vectordb/paper_text_clean/10.1002_(sici)1097-4628(19980919)69_12_2435__aid-app14_3.0.co;2-w.json
/Users/liucunyu/Documents/all_code/thu_2025/fine-tune/allcode_chemind_server/agent/vectordb/paper_text_clean/10.1002_(sici)1097-4628(19990207)71_6_989__aid-app14_3.0.co;2-i.json
/Users/liucunyu/Documents/all_code/thu_2025/fine-tune/allcode_chemind_server/agent/vectordb/paper_text_clean/10.1002_(sici)1097-4628(19990222)71_8_1293__aid-app9_3.0.co;2-r.json
/Users/liucunyu/Documents/all_code/thu_2025/fine-tune/allcode_chemind_server/agent/vectordb/paper_text_clean/10.1002_(sici)1097-4628(19990307)71_10_1711__aid-app18_3.0.co;2-y.json
/Users/liucunyu/Documents/all_code/thu_2025/fine-tune/allcode_chemind_server/agent/vectordb/paper_text_clean/10.1002_(sici)1097-4628(19990314)71_11_1835__aid-app14_3.0.co;2-3.json
/Users/liucunyu/Documents/all_code/thu_2025/fine-tune/allcode_chemind_server/agent/vectordb/paper_text_clean/10.1002_(sici)1097-4628(19990321)71_12_2059__aid-app16_3.0.co;2-y.json
/Users/liucunyu/Documents/all_code/thu_2025/fine-tune/allcode_chemind_server/agent/vectordb/paper_text_clean/10.1002_(sici)1097-4628(19990321)71_12_2075__aid-app18_3.0.co;2-q.json
/Users/liucunyu/Documents/all_code/thu_2025/fine-tune/allcode_chemind_server/agent/vectordb/paper_text_clean/10.1002_(sici)1097-4628(19990718)73_3_377__aid-app9_3.0.co;2-8.json
/Users/liucunyu/Documents/all_code/thu_2025/fine-tune/allcode_chemind_server/agent/vectordb/paper_text_clean/10.1002_(sici)1097-4628(19990829)73_9_1675__aid-app8_3.0.co;2-9.json
/Users/liucunyu/Documents/all_code/thu_2025/fine-tune/allcode_chemind_server/agent/vectordb/paper_text_clean/10.1002_(sici)1097-4628(19991003)74_1_145__aid-app18_3.0.co;2-c.json
/Users/liucunyu/Documents/all_code/thu_2025/fine-tune/allcode_chemind_server/agent/vectordb/paper_text_clean/10.1002_(sici)1097-4628(20000404)76_1_12__aid-app2_3.0.co;2-9.json
/Users/liucunyu/Documents/all_code/thu_2025/fine-tune/allcode_chemind_server/agent/vectordb/paper_text_clean/10.1002_(sici)1097-4628(20000404)76_1_12__aid-app2_3.3.co;2-0.json
/Users/liucunyu/Documents/all_code/thu_2025/fine-tune/allcode_chemind_server/agent/vectordb/paper_text_clean/10.1002_(sici)1097-4628(20000404)76_1_1__aid-app1_3.0.co;2-4.json
/Users/liucunyu/Documents/all_code/thu_2025/fine-tune/allcode_chemind_server/agent/vectordb/paper_text_clean/10.1002_(sici)1097-4628(20000711)77_2_312__aid-app7_3.0.co;2-1.json
/Users/liucunyu/Documents/all_code/thu_2025/fine-tune/allcode_chemind_server/agent/vectordb/paper_text_clean/10.1002_(sici)1097-4628(20000711)77_2_312__aid-app7_3.3.co;2-t.json
/Users/liucunyu/Documents/all_code/thu_2025/fine-tune/allcode_chemind_server/agent/vectordb/paper_text_clean/10.1002_(sici)1097-4636(199603)30_3_287__aid-jbm3_3.0.co;2-m.json
/Users/liucunyu/Documents/all_code/thu_2025/fine-tune/allcode_chemind_server/agent/vectordb/paper_text_clean/10.1002_(sici)1097-4636(199605)31_1_81__aid-jbm10_3.0.co;2-p.json
/Users/liucunyu/Documents/all_code/thu_2025/fine-tune/allcode_chemind_server/agent/vectordb/paper_text_clean/10.1002_(sici)1097-4636(199701)34_1_9__aid-jbm2_3.0.co;2-v.json
/Users/liucunyu/Documents/all_code/thu_2025/fine-tune/allcode_chemind_server/agent/vectordb/paper_text_clean/10.1002_(sici)1097-4636(19970615)35_4_451__aid-jbm5_3.0.co;2-g.json
/Users/liucunyu/Documents/all_code/thu_2025/fine-tune/allcode_chemind_server/agent/vectordb/paper_text_clean/10.1002_(sici)1097-4636(19990615)45_4_302__aid-jbm4_3.0.co;2-a.json
/Users/liucunyu/Documents/all_code/thu_2025/fine-tune/allcode_chemind_server/agent/vectordb/paper_text_clean/10.1002_(sici)1097-4636(19990615)45_4_302__aid-jbm4_3.3.co;2-1.json
/Users/liucunyu/Documents/all_code/thu_2025/fine-tune/allcode_chemind_server/agent/vectordb/paper_text_clean/10.1002_(sici)1097-4636(200007)51_1_47__aid-jbm7_3.0.co;2-p.json
/Users/liucunyu/Documents/all_code/thu_2025/fine-tune/allcode_chemind_server/agent/vectordb/paper_text_clean/10.1002_(sici)1097-4636(200007)51_1_47__aid-jbm7_3.3.co;2-g.json
/Users/liucunyu/Documents/all_code/thu_2025/fine-tune/allcode_chemind_server/agent/vectordb/paper_text_clean/10.1002_(sici)1097-4660(199612)67_4_367__aid-jctb577_3.0.co;2-q.json
/Users/liucunyu/Documents/all_code/thu_2025/fine-tune/allcode_chemind_server/agent/vectordb/paper_text_clean/10.1002_(sici)1097-4660(199711)70_3_231__aid-jctb765_3.0.co;2-b.json
/Users/liucunyu/Documents/all_code/thu_2025/fine-tune/allcode_chemind_server/agent/vectordb/paper_text_clean/10.1002_(sici)1097-4660(199803)71_3_253__aid-jctb834_3.0.co;2-y.json
/Users/liucunyu/Documents/all_code/thu_2025/fine-tune/allcode_chemind_server/agent/vectordb/paper_text_clean/10.1002_(sici)1097-4660(199812)73_4_369__aid-jctb971_3.0.co;2-p.json
/Users/liucunyu/Documents/all_code/thu_2025/fine-tune/allcode_chemind_server/agent/vectordb/paper_text_clean/10.1002_(sici)1097-4660(199903)74_3_275__aid-jctb32_3.0.co;2-n.json
/Users/liucunyu/Documents/all_code/thu_2025/fine-tune/allcode_chemind_server/agent/vectordb/paper_text_clean/10.1002_(sici)1097-4660(199912)74_12_1188__aid-jctb170_3.0.co;2-0.json
/Users/liucunyu/Documents/all_code/thu_2025/fine-tune/allcode_chemind_server/agent/vectordb/paper_text_clean/10.1002_(sici)1097-4679(199711)53_7_699__aid-jclp7_3.0.co;2-d.json
/Users/liucunyu/Documents/all_code/thu_2025/fine-tune/allcode_chemind_server/agent/vectordb/paper_text_clean/10.1002_(sici)1097-4679(199905)55_5_631__aid-jclp10_3.0.co;2-1.json
/Users/liucunyu/Documents/all_code/thu_2025/fine-tune/allcode_chemind_server/agent/vectordb/paper_text_clean/10.1002_(sici)1098-1063(1996)6_3_239__aid-hipo3_3.0.co;2-i.json
/Users/liucunyu/Documents/all_code/thu_2025/fine-tune/allcode_chemind_server/agent/vectordb/paper_text_clean/10.1002_(sici)1098-1063(1999)9_6_617__aid-hipo2_3.0.co;2-6.json
/Users/liucunyu/Documents/all_code/thu_2025/fine-tune/allcode_chemind_server/agent/vectordb/paper_text_clean/10.1002_(sici)1098-1071(199611)7_6_409__aid-hc2_3.0.co;2-3.json
/Users/liucunyu/Documents/all_code/thu_2025/fine-tune/allcode_chemind_server/agent/vectordb/paper_text_clean/10.1002_(sici)1098-1071(1998)9_2_183__aid-hc14_3.0.co;2-n.json
/Users/liucunyu/Documents/all_code/thu_2025/fine-tune/allcode_chemind_server/agent/vectordb/paper_text_clean/10.1002_(sici)1098-1128(199909)19_5_432__aid-med8_3.0.co;2-v.json
/Users/liucunyu/Documents/all_code/thu_2025/fine-tune/allcode_chemind_server/agent/vectordb/paper_text_clean/10.1002_(sici)1098-2256(1998)13_1_93__aid-tox8_3.0.co;2-2.json
/Users/liucunyu/Documents/all_code/thu_2025/fine-tune/allcode_chemind_server/agent/vectordb/paper_text_clean/10.1002_(sici)1098-2280(2000)35_3_173__aid-em4_3.0.co;2-e.json
/Users/liucunyu/Documents/all_code/thu_2025/fine-tune/allcode_chemind_server/agent/vectordb/paper_text_clean/10.1002_(sici)1098-237x(199809)82_5_527__aid-sce1_3.0.co;2-b.json
/Users/liucunyu/Documents/all_code/thu_2025/fine-tune/allcode_chemind_server/agent/vectordb/paper_text_clean/10.1002_(sici)1098-237x(200003)84_2_180__aid-sce3_3.0.co;2-x.json
/Users/liucunyu/Documents/all_code/thu_2025/fine-tune/allcode_chemind_server/agent/vectordb/paper_text_clean/10.1002_(sici)1098-2396(200005)36_2_85__aid-syn1_3.0.co;2-y.json
/Users/liucunyu/Documents/all_code/thu_2025/fine-tune/allcode_chemind_server/agent/vectordb/paper_text_clean/10.1002_(sici)1098-2744(200004)27_4_289__aid-mc7_3.0.co;2-9.json
/Users/liucunyu/Documents/all_code/thu_2025/fine-tune/allcode_chemind_server/agent/vectordb/paper_text_clean/10.1002_(sici)1098-2787(1997)16_1_1__aid-mas1_3.0.co;2-l.json
/Users/liucunyu/Documents/all_code/thu_2025/fine-tune/allcode_chemind_server/agent/vectordb/paper_text_clean/10.1002_(sici)1098-2787(1997)16_2_91__aid-mas3_3.0.co;2-4.json
/Users/liucunyu/Documents/all_code/thu_2025/fine-tune/allcode_chemind_server/agent/vectordb/paper_text_clean/10.1002_(sici)1098-2795(199903)52_3_310__aid-mrd9_3.0.co;2-c.json
/Users/liucunyu/Documents/all_code/thu_2025/fine-tune/allcode_chemind_server/agent/vectordb/paper_text_clean/10.1002_(sici)1099-0488(19960715)34_9_1613__aid-polb10_3.0.co;2-a.json
/Users/liucunyu/Documents/all_code/thu_2025/fine-tune/allcode_chemind_server/agent/vectordb/paper_text_clean/10.1002_(sici)1099-0488(19960930)34_13_2127__aid-polb1_3.0.co;2-t.json
/Users/liucunyu/Documents/all_code/thu_2025/fine-tune/allcode_chemind_server/agent/vectordb/paper_text_clean/10.1002_(sici)1099-0488(19961130)34_16_2709__aid-polb3_3.0.co;2-k.json
/Users/liucunyu/Documents/all_code/thu_2025/fine-tune/allcode_chemind_server/agent/vectordb/paper_text_clean/10.1002_(sici)1099-0488(199612)34_17_2911__aid-polb5_3.0.co;2-t.json
/Users/liucunyu/Documents/all_code/thu_2025/fine-tune/allcode_chemind_server/agent/vectordb/paper_text_clean/10.1002_(sici)1099-0488(19980430)36_6_991__aid-polb7_3.0.co;2-j.json
/Users/liucunyu/Documents/all_code/thu_2025/fine-tune/allcode_chemind_server/agent/vectordb/paper_text_clean/10.1002_(sici)1099-0488(199805)36_7_1201__aid-polb9_3.0.co;2-w.json
/Users/liucunyu/Documents/all_code/thu_2025/fine-tune/allcode_chemind_server/agent/vectordb/paper_text_clean/10.1002_(sici)1099-0488(19990201)37_3_247__aid-polb8_3.0.co;2-2.json
/Users/liucunyu/Documents/all_code/thu_2025/fine-tune/allcode_chemind_server/agent/vectordb/paper_text_clean/10.1002_(sici)1099-0488(19990415)37_8_837__aid-polb9_3.0.co;2-9.json
/Users/liucunyu/Documents/all_code/thu_2025/fine-tune/allcode_chemind_server/agent/vectordb/paper_text_clean/10.1002_(sici)1099-0488(19991015)37_20_2893__aid-polb9_3.0.co;2-4.json
/Users/liucunyu/Documents/all_code/thu_2025/fine-tune/allcode_chemind_server/agent/vectordb/paper_text_clean/10.1002_(sici)1099-0518(19960730)34_10_1897__aid-pola7_3.0.co;2-m.json
/Users/liucunyu/Documents/all_code/thu_2025/fine-tune/allcode_chemind_server/agent/vectordb/paper_text_clean/10.1002_(sici)1099-0518(19970930)35_13_2719__aid-pola17_3.0.co;2-e.json
/Users/liucunyu/Documents/all_code/thu_2025/fine-tune/allcode_chemind_server/agent/vectordb/paper_text_clean/10.1002_(sici)1099-0518(199808)36_11_1685__aid-pola1_3.0.co;2-r.json
/Users/liucunyu/Documents/all_code/thu_2025/fine-tune/allcode_chemind_server/agent/vectordb/paper_text_clean/10.1002_(sici)1099-0518(19990401)37_7_857__aid-pola1_3.0.co;2-p.json
/Users/liucunyu/Documents/all_code/thu_2025/fine-tune/allcode_chemind_server/agent/vectordb/paper_text_clean/10.1002_(sici)1099-0518(20000401)38_7_1179__aid-pola17_3.0.co;2-l.json
/Users/liucunyu/Documents/all_code/thu_2025/fine-tune/allcode_chemind_server/agent/vectordb/paper_text_clean/10.1002_(sici)1099-0682(199802)1998_2_221__aid-ejic221_3.0.co;2-g.json
/Users/liucunyu/Documents/all_code/thu_2025/fine-tune/allcode_chemind_server/agent/vectordb/paper_text_clean/10.1002_(sici)1099-0682(199806)1998_6_843__aid-ejic843_3.0.co;2-y.json
/Users/liucunyu/Documents/all_code/thu_2025/fine-tune/allcode_chemind_server/agent/vectordb/paper_text_clean/10.1002_(sici)1099-0682(199807)1998_7_941__aid-ejic941_3.0.co;2-y.json
/Users/liucunyu/Documents/all_code/thu_2025/fine-tune/allcode_chemind_server/agent/vectordb/paper_text_clean/10.1002_(sici)1099-0682(199810)1998_10_1485__aid-ejic1485_3.0.co;2-f.json
/Users/liucunyu/Documents/all_code/thu_2025/fine-tune/allcode_chemind_server/agent/vectordb/paper_text_clean/10.1002_(sici)1099-0682(199811)1998_11_1581__aid-ejic1581_3.0.co;2-v.json
/Users/liucunyu/Documents/all_code/thu_2025/fine-tune/allcode_chemind_server/agent/vectordb/paper_text_clean/10.1002_(sici)1099-0682(199901)1999_1_179__aid-ejic179_3.0.co;2-5.json
/Users/liucunyu/Documents/all_code/thu_2025/fine-tune/allcode_chemind_server/agent/vectordb/paper_text_clean/10.1002_(sici)1099-0682(199903)1999_3_373__aid-ejic373_3.0.co;2-d.json
/Users/liucunyu/Documents/all_code/thu_2025/fine-tune/allcode_chemind_server/agent/vectordb/paper_text_clean/10.1002_(sici)1099-0682(199908)1999_8_1229__aid-ejic1229_3.0.co;2-o.json
/Users/liucunyu/Documents/all_code/thu_2025/fine-tune/allcode_chemind_server/agent/vectordb/paper_text_clean/10.1002_(sici)1099-0682(200001)2000_1_169__aid-ejic169_3.0.co;2-2.json
/Users/liucunyu/Documents/all_code/thu_2025/fine-tune/allcode_chemind_server/agent/vectordb/paper_text_clean/10.1002_(sici)1099-0690(199810)1998_10_2051__aid-ejoc2051_3.0.co;2-t.json
/Users/liucunyu/Documents/all_code/thu_2025/fine-tune/allcode_chemind_server/agent/vectordb/paper_text_clean/10.1002_(sici)1099-0690(199901)1999_1_15__aid-ejoc15_3.0.co;2-b.json
/Users/liucunyu/Documents/all_code/thu_2025/fine-tune/allcode_chemind_server/agent/vectordb/paper_text_clean/10.1002_(sici)1099-0690(199908)1999_8_1847__aid-ejoc1847_3.0.co;2-q.json
/Users/liucunyu/Documents/all_code/thu_2025/fine-tune/allcode_chemind_server/agent/vectordb/paper_text_clean/10.1002_(sici)1099-0690(199908)1999_8_1847__aid-ejoc1847_3.3.co;2-h.json
/Users/liucunyu/Documents/all_code/thu_2025/fine-tune/allcode_chemind_server/agent/vectordb/paper_text_clean/10.1002_(sici)1099-0690(199910)1999_10_2445__aid-ejoc2445_3.0.co;2-g.json
/Users/liucunyu/Documents/all_code/thu_2025/fine-tune/allcode_chemind_server/agent/vectordb/paper_text_clean/10.1002_(sici)1099-0690(200001)2000_2_225__aid-ejoc225_3.0.co;2-a.json
/Users/liucunyu/Documents/all_code/thu_2025/fine-tune/allcode_chemind_server/agent/vectordb/paper_text_clean/10.1002_(sici)1099-0739(199610)10_8_579__aid-aoc523_3.0.co;2-q.json
/Users/liucunyu/Documents/all_code/thu_2025/fine-tune/allcode_chemind_server/agent/vectordb/paper_text_clean/10.1002_(sici)1099-0739(199610)10_8_591__aid-aoc526_3.0.co;2-2.json
/Users/liucunyu/Documents/all_code/thu_2025/fine-tune/allcode_chemind_server/agent/vectordb/paper_text_clean/10.1002_(sici)1099-0739(199810_11)12_10_11_695__aid-aoc774_3.0.co;2-7.json
/Users/liucunyu/Documents/all_code/thu_2025/fine-tune/allcode_chemind_server/agent/vectordb/paper_text_clean/10.1002_(sici)1099-0801(200002)14_1_12__aid-bmc948_3.0.co;2-.json
/Users/liucunyu/Documents/all_code/thu_2025/fine-tune/allcode_chemind_server/agent/vectordb/paper_text_clean/10.1002_(sici)1099-0801(200002)14_1_12__aid-bmc948_3.3.co;2-r.json
/Users/liucunyu/Documents/all_code/thu_2025/fine-tune/allcode_chemind_server/agent/vectordb/paper_text_clean/10.1002_(sici)1099-1018(200001_02)24_1_45__aid-fam719_3.0.co;2-s.json
/Users/liucunyu/Documents/all_code/thu_2025/fine-tune/allcode_chemind_server/agent/vectordb/paper_text_clean/10.1002_(sici)1099-114x(19971010)21_12_1157__aid-er317_3.0.co;2-n.json
/Users/liucunyu/Documents/all_code/thu_2025/fine-tune/allcode_chemind_server/agent/vectordb/paper_text_clean/10.1002_(sici)1099-114x(199912)23_15_1295__aid-er553_3.0.co;2-t.json
/Users/liucunyu/Documents/all_code/thu_2025/fine-tune/allcode_chemind_server/agent/vectordb/paper_text_clean/10.1002_(sici)1099-1328(199907_08)11_5_687__aid-jid600_3.0.co;2-2.json
/Users/liucunyu/Documents/all_code/thu_2025/fine-tune/allcode_chemind_server/agent/vectordb/paper_text_clean/10.1002_(sici)1099-1328(199907_08)11_5_687__aid-jid600_3.3.co;2-u.json
/Users/liucunyu/Documents/all_code/thu_2025/fine-tune/allcode_chemind_server/agent/vectordb/paper_text_clean/10.1002_(sici)1099-1395(199808_09)11_8_9_642__aid-poc65_3.0.co;2-2.json
/Users/liucunyu/Documents/all_code/thu_2025/fine-tune/allcode_chemind_server/agent/vectordb/paper_text_clean/10.1002_(sici)1099-1409(199701)1_1_3__aid-jpp1_3.0.co;2-v.json
/Users/liucunyu/Documents/all_code/thu_2025/fine-tune/allcode_chemind_server/agent/vectordb/paper_text_clean/10.1002_(sici)1099-1492(199704)10_2_73__aid-nbm448_3.0.co;2-4.json
/Users/liucunyu/Documents/all_code/thu_2025/fine-tune/allcode_chemind_server/agent/vectordb/paper_text_clean/10.1002_(sici)1099-1581(199605)7_5_6_403__aid-pat502_3.0.co;2-0.json
/Users/liucunyu/Documents/all_code/thu_2025/fine-tune/allcode_chemind_server/agent/vectordb/paper_text_clean/10.1002_(sici)1099-1581(199605)7_5_6_403__aid-pat502_3.3.co;2-s.json
/Users/liucunyu/Documents/all_code/thu_2025/fine-tune/allcode_chemind_server/agent/vectordb/paper_text_clean/10.1002_(sici)1099-1581(199807)9_7_461__aid-pat800_3.0.co;2-r.json
/Users/liucunyu/Documents/all_code/thu_2025/fine-tune/allcode_chemind_server/agent/vectordb/paper_text_clean/10.1002_(sici)1099-1581(199812)9_12_831__aid-pat841_3.0.co;2-7.json
/Users/liucunyu/Documents/all_code/thu_2025/fine-tune/allcode_chemind_server/agent/vectordb/paper_text_clean/10.1002_(sici)1099-159x(199803_04)6_2_127__aid-pip214_3.0.co;2-z.json
/Users/liucunyu/Documents/all_code/thu_2025/fine-tune/allcode_chemind_server/agent/vectordb/paper_text_clean/10.1002_(sici)1099-159x(200001_02)8_1_171__aid-pip300_3.0.co;2-u.json
/Users/liucunyu/Documents/all_code/thu_2025/fine-tune/allcode_chemind_server/agent/vectordb/paper_text_clean/10.1002_(sici)1099-1638(199803_04)14_2_79__aid-qre163_3.0.co;2-y.json
/Users/liucunyu/Documents/all_code/thu_2025/fine-tune/allcode_chemind_server/agent/vectordb/paper_text_clean/10.1002_(sici)1439-2054(20000201)275_1_8__aid-mame8_3.0.co;2-6.json
/Users/liucunyu/Documents/all_code/thu_2025/fine-tune/allcode_chemind_server/agent/vectordb/paper_text_clean/10.1002_(sici)1520-636x(1999)11_8_622__aid-chir3_3.0.co;2-p.json
/Users/liucunyu/Documents/all_code/thu_2025/fine-tune/allcode_chemind_server/agent/vectordb/paper_text_clean/10.1002_(sici)1520-6416(19970715)120_1_1__aid-eej1_3.0.co;2-b.json
/Users/liucunyu/Documents/all_code/thu_2025/fine-tune/allcode_chemind_server/agent/vectordb/paper_text_clean/10.1002_(sici)1520-6521(1996)1_1_31__aid-fact5_3.0.co;2-h.json
/Users/liucunyu/Documents/all_code/thu_2025/fine-tune/allcode_chemind_server/agent/vectordb/paper_text_clean/10.1002_(sici)1520-6521(1998)2_5_287__aid-fact6_3.0.co;2-p.json
/Users/liucunyu/Documents/all_code/thu_2025/fine-tune/allcode_chemind_server/agent/vectordb/paper_text_clean/10.1002_(sici)1520-667x(1999)11_4_263__aid-mcs3_3.0.co;2-y.json
/Users/liucunyu/Documents/all_code/thu_2025/fine-tune/allcode_chemind_server/agent/vectordb/paper_text_clean/10.1002_(sici)1521-095(200005)12_9_675__aid-dma675_3.0.co;2-.json
/Users/liucunyu/Documents/all_code/thu_2025/fine-tune/allcode_chemind_server/agent/vectordb/paper_text_clean/10.1002_(sici)1521-1878(199810)20_10_837__aid-bies9_3.0.co;2-d.json
/Users/liucunyu/Documents/all_code/thu_2025/fine-tune/allcode_chemind_server/agent/vectordb/paper_text_clean/10.1002_(sici)1521-3749(199904)625_4_541__aid-zaac541_3.0.co;2-a.json
/Users/liucunyu/Documents/all_code/thu_2025/fine-tune/allcode_chemind_server/agent/vectordb/paper_text_clean/10.1002_(sici)1521-3757(20000417)112_8_1527__aid-ange1527_3.0.co;2-b.json
/Users/liucunyu/Documents/all_code/thu_2025/fine-tune/allcode_chemind_server/agent/vectordb/paper_text_clean/10.1002_(sici)1521-3765(199801)4_1_13__aid-chem13_3.0.co;2-c.json
/Users/liucunyu/Documents/all_code/thu_2025/fine-tune/allcode_chemind_server/agent/vectordb/paper_text_clean/10.1002_(sici)1521-3765(19980807)4_8_1353__aid-chem1353_3.0.co;2-0.json
/Users/liucunyu/Documents/all_code/thu_2025/fine-tune/allcode_chemind_server/agent/vectordb/paper_text_clean/10.1002_(sici)1521-3765(19980807)4_8_1561__aid-chem1561_3.0.co;2-z.json
/Users/liucunyu/Documents/all_code/thu_2025/fine-tune/allcode_chemind_server/agent/vectordb/paper_text_clean/10.1002_(sici)1521-3765(20000117)6_2_379__aid-chem379_3.0.co;2-z.json
/Users/liucunyu/Documents/all_code/thu_2025/fine-tune/allcode_chemind_server/agent/vectordb/paper_text_clean/10.1002_(sici)1521-3765(20000417)6_8_1281__aid-chem1281_3.0.co;2-f.json
/Users/liucunyu/Documents/all_code/thu_2025/fine-tune/allcode_chemind_server/agent/vectordb/paper_text_clean/10.1002_(sici)1521-3765(20000417)6_8_1322__aid-chem1322_3.0.co;2-f.json
/Users/liucunyu/Documents/all_code/thu_2025/fine-tune/allcode_chemind_server/agent/vectordb/paper_text_clean/10.1002_(sici)1521-3773(19980216)37_3_289__aid-anie289_3.0.co;2-m.json
/Users/liucunyu/Documents/all_code/thu_2025/fine-tune/allcode_chemind_server/agent/vectordb/paper_text_clean/10.1002_(sici)1521-3773(19980302)37_4_430__aid-anie430_3.0.co;2-5.json
/Users/liucunyu/Documents/all_code/thu_2025/fine-tune/allcode_chemind_server/agent/vectordb/paper_text_clean/10.1002_(sici)1521-3773(19980403)37_6_829__aid-anie829_3.0.co;2-n.json
/Users/liucunyu/Documents/all_code/thu_2025/fine-tune/allcode_chemind_server/agent/vectordb/paper_text_clean/10.1002_(sici)1521-3773(19980504)37_8_1044__aid-anie1044_3.0.co;2-e.json
/Users/liucunyu/Documents/all_code/thu_2025/fine-tune/allcode_chemind_server/agent/vectordb/paper_text_clean/10.1002_(sici)1521-3773(19980518)37_9_1220__aid-anie1220_3.0.co;2-g.json
/Users/liucunyu/Documents/all_code/thu_2025/fine-tune/allcode_chemind_server/agent/vectordb/paper_text_clean/10.1002_(sici)1521-3773(19980619)37_11_1496__aid-anie1496_3.0.co;2-u.json
/Users/liucunyu/Documents/all_code/thu_2025/fine-tune/allcode_chemind_server/agent/vectordb/paper_text_clean/10.1002_(sici)1521-3773(19980803)37_13_14_1919__aid-anie1919_3.0.co;2-x.json
/Users/liucunyu/Documents/all_code/thu_2025/fine-tune/allcode_chemind_server/agent/vectordb/paper_text_clean/10.1002_(sici)1521-3773(19980817)37_15_1986__aid-anie1986_3.0.co;2-z.json
/Users/liucunyu/Documents/all_code/thu_2025/fine-tune/allcode_chemind_server/agent/vectordb/paper_text_clean/10.1002_(sici)1521-3773(19980918)37_17_2379__aid-anie2379_3.0.co;2-c.json
/Users/liucunyu/Documents/all_code/thu_2025/fine-tune/allcode_chemind_server/agent/vectordb/paper_text_clean/10.1002_(sici)1521-3773(19981002)37_18_2534__aid-anie2534_3.0.co;2-f.json
/Users/liucunyu/Documents/all_code/thu_2025/fine-tune/allcode_chemind_server/agent/vectordb/paper_text_clean/10.1002_(sici)1521-3773(19981102)37_20_2867__aid-anie2867_3.0.co;2-e.json
/Users/liucunyu/Documents/all_code/thu_2025/fine-tune/allcode_chemind_server/agent/vectordb/paper_text_clean/10.1002_(sici)1521-3773(19981116)37_21_3034__aid-anie3034_3.0.co;2-2.json
/Users/liucunyu/Documents/all_code/thu_2025/fine-tune/allcode_chemind_server/agent/vectordb/paper_text_clean/10.1002_(sici)1521-3773(19981204)37_22_3179__aid-anie3179_3.0.co;2-z.json
/Users/liucunyu/Documents/all_code/thu_2025/fine-tune/allcode_chemind_server/agent/vectordb/paper_text_clean/10.1002_(sici)1521-3773(19990115)38_1_2_236__aid-anie236_3.0.co;2-m.json
/Users/liucunyu/Documents/all_code/thu_2025/fine-tune/allcode_chemind_server/agent/vectordb/paper_text_clean/10.1002_(sici)1521-3773(19990115)38_1_2_79__aid-anie79_3.0.co;2-t.json
/Users/liucunyu/Documents/all_code/thu_2025/fine-tune/allcode_chemind_server/agent/vectordb/paper_text_clean/10.1002_(sici)1521-3773(19990115)38_1_2_92__aid-anie92_3.0.co;2-u.json
/Users/liucunyu/Documents/all_code/thu_2025/fine-tune/allcode_chemind_server/agent/vectordb/paper_text_clean/10.1002_(sici)1521-3773(19990201)38_3_336__aid-anie336_3.0.co;2-p.json
/Users/liucunyu/Documents/all_code/thu_2025/fine-tune/allcode_chemind_server/agent/vectordb/paper_text_clean/10.1002_(sici)1521-3773(19990401)38_7_941__aid-anie941_3.0.co;2-7.json
/Users/liucunyu/Documents/all_code/thu_2025/fine-tune/allcode_chemind_server/agent/vectordb/paper_text_clean/10.1002_(sici)1521-3773(19990601)38_11_1512__aid-anie1512_3.0.co;2-y.json
/Users/liucunyu/Documents/all_code/thu_2025/fine-tune/allcode_chemind_server/agent/vectordb/paper_text_clean/10.1002_(sici)1521-3773(19990614)38_12_1766__aid-anie1766_3.0.co;2-i.json
/Users/liucunyu/Documents/all_code/thu_2025/fine-tune/allcode_chemind_server/agent/vectordb/paper_text_clean/10.1002_(sici)1521-3773(19990816)38_16_2419__aid-anie2419_3.0.co;2-i.json
/Users/liucunyu/Documents/all_code/thu_2025/fine-tune/allcode_chemind_server/agent/vectordb/paper_text_clean/10.1002_(sici)1521-3773(19991216)38_24_3743__aid-anie3743_3.0.co;2-u.json
/Users/liucunyu/Documents/all_code/thu_2025/fine-tune/allcode_chemind_server/agent/vectordb/paper_text_clean/10.1002_(sici)1521-3773(20000117)39_2_314__aid-anie314_3.0.co;2-d.json
/Users/liucunyu/Documents/all_code/thu_2025/fine-tune/allcode_chemind_server/agent/vectordb/paper_text_clean/10.1002_(sici)1521-3773(20000117)39_2_401__aid-anie401_3.0.co;2-p.json
/Users/liucunyu/Documents/all_code/thu_2025/fine-tune/allcode_chemind_server/agent/vectordb/paper_text_clean/10.1002_(sici)1521-3773(20000204)39_3_511__aid-anie511_3.0.co;2-n.json
/Users/liucunyu/Documents/all_code/thu_2025/fine-tune/allcode_chemind_server/agent/vectordb/paper_text_clean/10.1002_(sici)1521-3773(20000403)39_7_1234__aid-anie1234_3.0.co;2-v.json
/Users/liucunyu/Documents/all_code/thu_2025/fine-tune/allcode_chemind_server/agent/vectordb/paper_text_clean/10.1002_(sici)1521-3773(20000417)39_8_1467__aid-anie1467_3.0.co;2-i.json
/Users/liucunyu/Documents/all_code/thu_2025/fine-tune/allcode_chemind_server/agent/vectordb/paper_text_clean/10.1002_(sici)1521-379x(200001)52_1_1__aid-star1_3.0.co;2-h.json
/Users/liucunyu/Documents/all_code/thu_2025/fine-tune/allcode_chemind_server/agent/vectordb/paper_text_clean/10.1002_(sici)1521-3862(199805)04_03_109__aid-cvde109_3.0.co;2-u.json
/Users/liucunyu/Documents/all_code/thu_2025/fine-tune/allcode_chemind_server/agent/vectordb/paper_text_clean/10.1002_(sici)1521-3897(199904)341_3_291__aid-prac291_3.0.co;2-f.json
/Users/liucunyu/Documents/all_code/thu_2025/fine-tune/allcode_chemind_server/agent/vectordb/paper_text_clean/10.1002_(sici)1521-3897(200004)342_4_340__aid-prac340_3.0.co;2-1.json
/Users/liucunyu/Documents/all_code/thu_2025/fine-tune/allcode_chemind_server/agent/vectordb/paper_text_clean/10.1002_(sici)1521-3927(19990301)20_3_103__aid-marc103_3.0.co;2-q.json
/Users/liucunyu/Documents/all_code/thu_2025/fine-tune/allcode_chemind_server/agent/vectordb/paper_text_clean/10.1002_(sici)1521-3927(19990801)20_8_423__aid-marc423_3.0.co;2-n.json
/Users/liucunyu/Documents/all_code/thu_2025/fine-tune/allcode_chemind_server/agent/vectordb/paper_text_clean/10.1002_(sici)1521-3935(20000201)201_2_212__aid-macp212_3.0.co;2-5.json
/Users/liucunyu/Documents/all_code/thu_2025/fine-tune/allcode_chemind_server/agent/vectordb/paper_text_clean/10.1002_(sici)1521-3951(199901)211_1_177__aid-pssb177_3.0.co;2-k.json
/Users/liucunyu/Documents/all_code/thu_2025/fine-tune/allcode_chemind_server/agent/vectordb/paper_text_clean/10.1002_(sici)1521-396x(199904)172_2_329__aid-pssa329_3.0.co;2-h.json
/Users/liucunyu/Documents/all_code/thu_2025/fine-tune/allcode_chemind_server/agent/vectordb/paper_text_clean/10.1002_(sici)1521-396x(199905)173_1_51__aid-pssa51_3.0.co;2-o.json
/Users/liucunyu/Documents/all_code/thu_2025/fine-tune/allcode_chemind_server/agent/vectordb/paper_text_clean/10.1002_(sici)1521-396x(199905)173_1_73__aid-pssa73_3.0.co;2-8.json
/Users/liucunyu/Documents/all_code/thu_2025/fine-tune/allcode_chemind_server/agent/vectordb/paper_text_clean/10.1002_(sici)1521-4044(19990201)50_2_3_105__aid-apol105_3.0.co;2-0.json
/Users/liucunyu/Documents/all_code/thu_2025/fine-tune/allcode_chemind_server/agent/vectordb/paper_text_clean/10.1002_(sici)1521-4052(200003)31_3_233__aid-mawe233_3.0.co;2-j.json
/Users/liucunyu/Documents/all_code/thu_2025/fine-tune/allcode_chemind_server/agent/vectordb/paper_text_clean/10.1002_(sici)1521-4095(199801)10_2_93__aid-adma93_3.0.co;2-f.json
/Users/liucunyu/Documents/all_code/thu_2025/fine-tune/allcode_chemind_server/agent/vectordb/paper_text_clean/10.1002_(sici)1521-4095(199803)10_5_385__aid-adma385_3.0.co;2-m.json
/Users/liucunyu/Documents/all_code/thu_2025/fine-tune/allcode_chemind_server/agent/vectordb/paper_text_clean/10.1002_(sici)1521-4095(199804)10_6_439__aid-adma439_3.0.co;2-i.json
/Users/liucunyu/Documents/all_code/thu_2025/fine-tune/allcode_chemind_server/agent/vectordb/paper_text_clean/10.1002_(sici)1521-4095(199804)10_6_491__aid-adma491_3.0.co;2-q.json
/Users/liucunyu/Documents/all_code/thu_2025/fine-tune/allcode_chemind_server/agent/vectordb/paper_text_clean/10.1002_(sici)1521-4095(199807)10_10_725__aid-adma725_3.0.co;2-z.json
/Users/liucunyu/Documents/all_code/thu_2025/fine-tune/allcode_chemind_server/agent/vectordb/paper_text_clean/10.1002_(sici)1521-4095(199807)10_10_765__aid-adma765_3.0.co;2-j.json
/Users/liucunyu/Documents/all_code/thu_2025/fine-tune/allcode_chemind_server/agent/vectordb/paper_text_clean/10.1002_(sici)1521-4095(199808)10_11_827__aid-adma827_3.0.co;2-l.json
/Users/liucunyu/Documents/all_code/thu_2025/fine-tune/allcode_chemind_server/agent/vectordb/paper_text_clean/10.1002_(sici)1521-4095(199808)10_11_877__aid-adma877_3.0.co;2-1.json
/Users/liucunyu/Documents/all_code/thu_2025/fine-tune/allcode_chemind_server/agent/vectordb/paper_text_clean/10.1002_(sici)1521-4095(199809)10_13_1028__aid-adma1028_3.0.co;2-p.json
/Users/liucunyu/Documents/all_code/thu_2025/fine-tune/allcode_chemind_server/agent/vectordb/paper_text_clean/10.1002_(sici)1521-4095(199810)10_15_1157__aid-adma1157_3.0.co;2-n.json
/Users/liucunyu/Documents/all_code/thu_2025/fine-tune/allcode_chemind_server/agent/vectordb/paper_text_clean/10.1002_(sici)1521-4095(199901)11_1_49__aid-adma49_3.0.co;2-n.json
/Users/liucunyu/Documents/all_code/thu_2025/fine-tune/allcode_chemind_server/agent/vectordb/paper_text_clean/10.1002_(sici)1521-4095(199902)11_2_154__aid-adma154_3.0.co;2-b.json
/Users/liucunyu/Documents/all_code/thu_2025/fine-tune/allcode_chemind_server/agent/vectordb/paper_text_clean/10.1002_(sici)1521-4095(199903)11_3_223__aid-adma223_3.0.co;2-j.json
/Users/liucunyu/Documents/all_code/thu_2025/fine-tune/allcode_chemind_server/agent/vectordb/paper_text_clean/10.1002_(sici)1521-4095(199903)11_3_265__aid-adma265_3.0.co;2-w.json
/Users/liucunyu/Documents/all_code/thu_2025/fine-tune/allcode_chemind_server/agent/vectordb/paper_text_clean/10.1002_(sici)1521-4095(199903)11_4_318__aid-adma318_3.0.co;2-z.json
/Users/liucunyu/Documents/all_code/thu_2025/fine-tune/allcode_chemind_server/agent/vectordb/paper_text_clean/10.1002_(sici)1521-4095(199903)11_4_321__aid-adma321_3.0.co;2-m.json
/Users/liucunyu/Documents/all_code/thu_2025/fine-tune/allcode_chemind_server/agent/vectordb/paper_text_clean/10.1002_(sici)1521-4095(199903)11_4_321__aid-adma321_3.3.co;2-d.json
/Users/liucunyu/Documents/all_code/thu_2025/fine-tune/allcode_chemind_server/agent/vectordb/paper_text_clean/10.1002_(sici)1521-4095(199907)11_10_832__aid-adma832_3.0.co;2-z.json
/Users/liucunyu/Documents/all_code/thu_2025/fine-tune/allcode_chemind_server/agent/vectordb/paper_text_clean/10.1002_(sici)1521-4095(199907)11_10_834__aid-adma834_3.0.co;2-r.json
/Users/liucunyu/Documents/all_code/thu_2025/fine-tune/allcode_chemind_server/agent/vectordb/paper_text_clean/10.1002_(sici)1521-4095(199909)11_13_1139__aid-adma1139_3.0.co;2-7.json
/Users/liucunyu/Documents/all_code/thu_2025/fine-tune/allcode_chemind_server/agent/vectordb/paper_text_clean/10.1002_(sici)1521-4095(199910)11_14_1214__aid-adma1214_3.0.co;2-3.json
/Users/liucunyu/Documents/all_code/thu_2025/fine-tune/allcode_chemind_server/agent/vectordb/paper_text_clean/10.1002_(sici)1521-4095(199911)11_16_1379__aid-adma1379_3.0.co;2-q.json
/Users/liucunyu/Documents/all_code/thu_2025/fine-tune/allcode_chemind_server/agent/vectordb/paper_text_clean/10.1002_(sici)1521-4095(200001)12_1_58__aid-adma58_3.0.co;2-e.json
/Users/liucunyu/Documents/all_code/thu_2025/fine-tune/allcode_chemind_server/agent/vectordb/paper_text_clean/10.1002_(sici)1521-4095(200001)12_1_62__aid-adma62_3.0.co;2-b.json
/Users/liucunyu/Documents/all_code/thu_2025/fine-tune/allcode_chemind_server/agent/vectordb/paper_text_clean/10.1002_(sici)1521-4095(200002)12_3_206__aid-adma206_3.0.co;2-5.json
/Users/liucunyu/Documents/all_code/thu_2025/fine-tune/allcode_chemind_server/agent/vectordb/paper_text_clean/10.1002_(sici)1521-4095(200002)12_4_279__aid-adma279_3.0.co;2-1.json
/Users/liucunyu/Documents/all_code/thu_2025/fine-tune/allcode_chemind_server/agent/vectordb/paper_text_clean/10.1002_(sici)1521-4095(200002)12_4_288__aid-adma288_3.0.co;2-1.json
/Users/liucunyu/Documents/all_code/thu_2025/fine-tune/allcode_chemind_server/agent/vectordb/paper_text_clean/10.1002_(sici)1521-4095(200003)12_5_359__aid-adma359_3.0.co;2-1.json
/Users/liucunyu/Documents/all_code/thu_2025/fine-tune/allcode_chemind_server/agent/vectordb/paper_text_clean/10.1002_(sici)1521-4095(200004)12_7_481__aid-adma481_3.0.co;2-c.json
/Users/liucunyu/Documents/all_code/thu_2025/fine-tune/allcode_chemind_server/agent/vectordb/paper_text_clean/10.1002_(sici)1521-4095(200004)12_7_522__aid-adma522_3.0.co;2-s.json
/Users/liucunyu/Documents/all_code/thu_2025/fine-tune/allcode_chemind_server/agent/vectordb/paper_text_clean/10.1002_(sici)1521-4095(200004)12_8_545__aid-adma545_3.0.co;2-7.json
/Users/liucunyu/Documents/all_code/thu_2025/fine-tune/allcode_chemind_server/agent/vectordb/paper_text_clean/10.1002_(sici)1521-4095(200004)12_8_582__aid-adma582_3.0.co;2-3.json
/Users/liucunyu/Documents/all_code/thu_2025/fine-tune/allcode_chemind_server/agent/vectordb/paper_text_clean/10.1002_(sici)1521-4095(200005)12_10_746__aid-adma746_3.0.co;2-n.json
/Users/liucunyu/Documents/all_code/thu_2025/fine-tune/allcode_chemind_server/agent/vectordb/paper_text_clean/10.1002_(sici)1521-4109(199804)10_5_336__aid-elan336_3.0.co;2-n.json
/Users/liucunyu/Documents/all_code/thu_2025/fine-tune/allcode_chemind_server/agent/vectordb/paper_text_clean/10.1002_(sici)1521-4109(199804)10_5_343__aid-elan343_3.0.co;2-v.json
/Users/liucunyu/Documents/all_code/thu_2025/fine-tune/allcode_chemind_server/agent/vectordb/paper_text_clean/10.1002_(sici)1521-4109(199808)10_10_707__aid-elan707_3.0.co;2-v.json
/Users/liucunyu/Documents/all_code/thu_2025/fine-tune/allcode_chemind_server/agent/vectordb/paper_text_clean/10.1002_(sici)1521-4109(199809)10_12_821__aid-elan821_3.0.co;2-3.json
/Users/liucunyu/Documents/all_code/thu_2025/fine-tune/allcode_chemind_server/agent/vectordb/paper_text_clean/10.1002_(sici)1521-4109(199809)10_12_842__aid-elan842_3.0.co;2-s.json
/Users/liucunyu/Documents/all_code/thu_2025/fine-tune/allcode_chemind_server/agent/vectordb/paper_text_clean/10.1002_(sici)1521-4109(199902)11_2_114__aid-elan114_3.0.co;2-f.json
/Users/liucunyu/Documents/all_code/thu_2025/fine-tune/allcode_chemind_server/agent/vectordb/paper_text_clean/10.1002_(sici)1521-4109(199906)11_8_565__aid-elan565_3.0.co;2-v.json
/Users/liucunyu/Documents/all_code/thu_2025/fine-tune/allcode_chemind_server/agent/vectordb/paper_text_clean/10.1002_(sici)1521-4109(199907)11_10_11_788__aid-elan788_3.0.co;2-4.json
/Users/liucunyu/Documents/all_code/thu_2025/fine-tune/allcode_chemind_server/agent/vectordb/paper_text_clean/10.1002_(sici)1521-4109(199907)11_10_11_793__aid-elan793_3.0.co;2-k.json
/Users/liucunyu/Documents/all_code/thu_2025/fine-tune/allcode_chemind_server/agent/vectordb/paper_text_clean/10.1002_(sici)1521-4109(199911)11_17_1293__aid-elan1293_3.0.co;2-2.json
/Users/liucunyu/Documents/all_code/thu_2025/fine-tune/allcode_chemind_server/agent/vectordb/paper_text_clean/10.1002_(sici)1521-4109(20000101)12_1_48__aid-elan48_3.0.co;2-h.json
/Users/liucunyu/Documents/all_code/thu_2025/fine-tune/allcode_chemind_server/agent/vectordb/paper_text_clean/10.1002_(sici)1521-4168(19980801)21_8_445__aid-jhrc445_3.0.co;2-3.json
/Users/liucunyu/Documents/all_code/thu_2025/fine-tune/allcode_chemind_server/agent/vectordb/paper_text_clean/10.1002_(sici)1522-2594(200002)43_2_290__aid-mrm17_3.0.co;2-a.json
/Users/liucunyu/Documents/all_code/thu_2025/fine-tune/allcode_chemind_server/agent/vectordb/paper_text_clean/10.1002_(sici)1522-2594(200002)43_2_290__aid-mrm17_3.3.co;2-1.json
/Users/liucunyu/Documents/all_code/thu_2025/fine-tune/allcode_chemind_server/agent/vectordb/paper_text_clean/10.1002_(sici)1522-2683(19990101)20_1_37__aid-elps37_3.0.co;2-n.json
/Users/liucunyu/Documents/all_code/thu_2025/fine-tune/allcode_chemind_server/agent/vectordb/paper_text_clean/10.1002_1096-8644(200101)114_1_18__aid-ajpa1002_3.0.co;2-2.json
/Users/liucunyu/Documents/all_code/thu_2025/fine-tune/allcode_chemind_server/agent/vectordb/paper_text_clean/10.1002_1096-987x(200012)21_16_1442__aid-jcc3_3.0.co;2-o.json
/Users/liucunyu/Documents/all_code/thu_2025/fine-tune/allcode_chemind_server/agent/vectordb/paper_text_clean/10.1002_1096-9888(200010)35_10_1178__aid-jms46_3.0.co;2-f.json
/Users/liucunyu/Documents/all_code/thu_2025/fine-tune/allcode_chemind_server/agent/vectordb/paper_text_clean/10.1002_1096-9918(200008)30_1_628__aid-sia800_3.0.co;2-7.json
/Users/liucunyu/Documents/all_code/thu_2025/fine-tune/allcode_chemind_server/agent/vectordb/paper_text_clean/10.1002_1097-0126(200007)49_7_703__aid-pi442_3.0.co;2-h.json
/Users/liucunyu/Documents/all_code/thu_2025/fine-tune/allcode_chemind_server/agent/vectordb/paper_text_clean/10.1002_1097-0126(200009)49_9_953__aid-pi406_3.0.co;2-l.json
/Users/liucunyu/Documents/all_code/thu_2025/fine-tune/allcode_chemind_server/agent/vectordb/paper_text_clean/10.1002_1097-0126(200101)50_1_89__aid-pi576_3.0.co;2-u.json
/Users/liucunyu/Documents/all_code/thu_2025/fine-tune/allcode_chemind_server/agent/vectordb/paper_text_clean/10.1002_1097-0142(197604)37_4_1782__aid-cncr2820370424_3.0.co;2-f.json
/Users/liucunyu/Documents/all_code/thu_2025/fine-tune/allcode_chemind_server/agent/vectordb/paper_text_clean/10.1002_1097-0142(197810)42_4_1747__aid-cncr2820420413_3.0.co;2-t.json
/Users/liucunyu/Documents/all_code/thu_2025/fine-tune/allcode_chemind_server/agent/vectordb/paper_text_clean/10.1002_1097-0169(200009)47_1_13__aid-cm2_3.0.co;2-c.json
/Users/liucunyu/Documents/all_code/thu_2025/fine-tune/allcode_chemind_server/agent/vectordb/paper_text_clean/10.1002_1097-0215(20000701)87_1_151__aid-ijc23_3.0.co;2-1.json
/Users/liucunyu/Documents/all_code/thu_2025/fine-tune/allcode_chemind_server/agent/vectordb/paper_text_clean/10.1002_1097-0231(20010215)15_3_182__aid-rcm208_3.0.co;2-o.json
/Users/liucunyu/Documents/all_code/thu_2025/fine-tune/allcode_chemind_server/agent/vectordb/paper_text_clean/10.1002_1097-0274(200009)38_3_231__aid-ajim2_3.0.co;2-o.json
/Users/liucunyu/Documents/all_code/thu_2025/fine-tune/allcode_chemind_server/agent/vectordb/paper_text_clean/10.1002_1097-0282(2000)56_4_257__aid-bip10029_3.0.co;2-w.json
/Users/liucunyu/Documents/all_code/thu_2025/fine-tune/allcode_chemind_server/agent/vectordb/paper_text_clean/10.1002_1097-4628(20000808)77_6_1250__aid-app9_3.0.co;2-r.json
/Users/liucunyu/Documents/all_code/thu_2025/fine-tune/allcode_chemind_server/agent/vectordb/paper_text_clean/10.1002_1097-4628(20000923)77_13_2795__aid-app1_3.0.co;2-k.json
/Users/liucunyu/Documents/all_code/thu_2025/fine-tune/allcode_chemind_server/agent/vectordb/paper_text_clean/10.1002_1097-4628(20000923)77_13_2957__aid-app19_3.0.co;2-a.json
/Users/liucunyu/Documents/all_code/thu_2025/fine-tune/allcode_chemind_server/agent/vectordb/paper_text_clean/10.1002_1097-4628(20000923)77_13_2957__aid-app19_3.3.co;2-1.json
/Users/liucunyu/Documents/all_code/thu_2025/fine-tune/allcode_chemind_server/agent/vectordb/paper_text_clean/10.1002_1097-4628(20001121)78_8_1530__aid-app100_3.0.co;2-6.json
/Users/liucunyu/Documents/all_code/thu_2025/fine-tune/allcode_chemind_server/agent/vectordb/paper_text_clean/10.1002_1097-4628(20010110)79_2_228__aid-app50_3.0.co;2-j.json
/Users/liucunyu/Documents/all_code/thu_2025/fine-tune/allcode_chemind_server/agent/vectordb/paper_text_clean/10.1002_1097-4636(200108)56_2_261__aid-jbm1094_3.0.co;2-i.json
/Users/liucunyu/Documents/all_code/thu_2025/fine-tune/allcode_chemind_server/agent/vectordb/paper_text_clean/10.1002_1097-4679(197707)33_3_798__aid-jclp2270330343_3.0.co;2-h.json
/Users/liucunyu/Documents/all_code/thu_2025/fine-tune/allcode_chemind_server/agent/vectordb/paper_text_clean/10.1002_1097-4679(198001)36_1_313__aid-jclp2270360143_3.0.co;2-j.json
/Users/liucunyu/Documents/all_code/thu_2025/fine-tune/allcode_chemind_server/agent/vectordb/paper_text_clean/10.1002_1097-4679(198007)36_3_763__aid-jclp2270360329_3.0.co;2-5.json
/Users/liucunyu/Documents/all_code/thu_2025/fine-tune/allcode_chemind_server/agent/vectordb/paper_text_clean/10.1002_1097-4679(199301)49_1_61__aid-jclp2270490109_3.0.co;2-b.json
/Users/liucunyu/Documents/all_code/thu_2025/fine-tune/allcode_chemind_server/agent/vectordb/paper_text_clean/10.1002_1098-108x(200009)28_2_139__aid-eat2_3.0.co;2-g.json
/Users/liucunyu/Documents/all_code/thu_2025/fine-tune/allcode_chemind_server/agent/vectordb/paper_text_clean/10.1002_1098-2396(200011)38_2_114__aid-syn2_3.0.co;2-r.json
/Users/liucunyu/Documents/all_code/thu_2025/fine-tune/allcode_chemind_server/agent/vectordb/paper_text_clean/10.1002_1098-2787(2000)19_6_398__aid-mas3_3.0.co;2-b.json
/Users/liucunyu/Documents/all_code/thu_2025/fine-tune/allcode_chemind_server/agent/vectordb/paper_text_clean/10.1002_1098-2787(200005_06)19_3_111__aid-mas1_3.0.co;2-k.json
/Users/liucunyu/Documents/all_code/thu_2025/fine-tune/allcode_chemind_server/agent/vectordb/paper_text_clean/10.1002_1098-2825(2000)14_4_180__aid-jcla7_3.0.co;2-e.json
/Users/liucunyu/Documents/all_code/thu_2025/fine-tune/allcode_chemind_server/agent/vectordb/paper_text_clean/10.1002_1099-0488(20001015)38_20_2678__aid-polb80_3.0.co;2-h.json
/Users/liucunyu/Documents/all_code/thu_2025/fine-tune/allcode_chemind_server/agent/vectordb/paper_text_clean/10.1002_1099-0488(20001201)38_23_3189__aid-polb190_3.0.co;2-5.json
/Users/liucunyu/Documents/all_code/thu_2025/fine-tune/allcode_chemind_server/agent/vectordb/paper_text_clean/10.1002_1099-0488(20001215)38_24_3277__aid-polb90_3.0.co;2-o.json
/Users/liucunyu/Documents/all_code/thu_2025/fine-tune/allcode_chemind_server/agent/vectordb/paper_text_clean/10.1002_1099-0518(20000815)38_16_2893__aid-pola60_3.0.co;2-p.json
/Users/liucunyu/Documents/all_code/thu_2025/fine-tune/allcode_chemind_server/agent/vectordb/paper_text_clean/10.1002_1099-0518(20000815)38_16_2900__aid-pola70_3.0.co;2-2.json
/Users/liucunyu/Documents/all_code/thu_2025/fine-tune/allcode_chemind_server/agent/vectordb/paper_text_clean/10.1002_1099-0682(200011)2000_11_2303__aid-ejic2303_3.0.co;2-y.json
/Users/liucunyu/Documents/all_code/thu_2025/fine-tune/allcode_chemind_server/agent/vectordb/paper_text_clean/10.1002_1099-0682(200012)2000_12_2425__aid-ejic2425_3.0.co;2-a.json
/Users/liucunyu/Documents/all_code/thu_2025/fine-tune/allcode_chemind_server/agent/vectordb/paper_text_clean/10.1002_1099-0682(200012)2000_12_2555__aid-ejic2555_3.0.co;2-z.json
/Users/liucunyu/Documents/all_code/thu_2025/fine-tune/allcode_chemind_server/agent/vectordb/paper_text_clean/10.1002_1099-0682(200106)2001_6_1411__aid-ejic1411_3.0.co;2-m.json
/Users/liucunyu/Documents/all_code/thu_2025/fine-tune/allcode_chemind_server/agent/vectordb/paper_text_clean/10.1002_1099-0682(200106)2001_6_1483__aid-ejic1483_3.0.co;2-x.json
/Users/liucunyu/Documents/all_code/thu_2025/fine-tune/allcode_chemind_server/agent/vectordb/paper_text_clean/10.1002_1099-0682(200106)2001_6_1515__aid-ejic1515_3.0.co;2-t.json
/Users/liucunyu/Documents/all_code/thu_2025/fine-tune/allcode_chemind_server/agent/vectordb/paper_text_clean/10.1002_1099-0682(200107)2001_7_1753__aid-ejic1753_3.0.co;2-h.json
/Users/liucunyu/Documents/all_code/thu_2025/fine-tune/allcode_chemind_server/agent/vectordb/paper_text_clean/10.1002_1099-0682(20011)2001_1_125__aid-ejic125_3.0.co;2-q.json
/Users/liucunyu/Documents/all_code/thu_2025/fine-tune/allcode_chemind_server/agent/vectordb/paper_text_clean/10.1002_1099-0682(200203)2002_4_834__aid-ejic834_3.0.co;2-q.json
/Users/liucunyu/Documents/all_code/thu_2025/fine-tune/allcode_chemind_server/agent/vectordb/paper_text_clean/10.1002_1099-0682(200208)2002_8_2007__aid-ejic2007_3.0.co;2-z.json
/Users/liucunyu/Documents/all_code/thu_2025/fine-tune/allcode_chemind_server/agent/vectordb/paper_text_clean/10.1002_1099-0682(200210)2002_10_2569__aid-ejic2569_3.0.co;2-5.json
/Users/liucunyu/Documents/all_code/thu_2025/fine-tune/allcode_chemind_server/agent/vectordb/paper_text_clean/10.1002_1099-0690(200012)2000_23_3809__aid-ejoc3809_3.0.co;2-x.json
/Users/liucunyu/Documents/all_code/thu_2025/fine-tune/allcode_chemind_server/agent/vectordb/paper_text_clean/10.1002_1099-0690(200012)2000_24_4011__aid-ejoc4011_3.0.co;2-d.json
/Users/liucunyu/Documents/all_code/thu_2025/fine-tune/allcode_chemind_server/agent/vectordb/paper_text_clean/10.1002_1099-0690(200109)2001_18_3501__aid-ejoc3501_3.0.co;2-f.json
/Users/liucunyu/Documents/all_code/thu_2025/fine-tune/allcode_chemind_server/agent/vectordb/paper_text_clean/10.1002_1099-0690(200205)2002_10_1595__aid-ejoc1595_3.0.co;2-m.json
/Users/liucunyu/Documents/all_code/thu_2025/fine-tune/allcode_chemind_server/agent/vectordb/paper_text_clean/10.1002_1099-0690(20021)2002_2_269__aid-ejoc269_3.0.co;2-b.json
/Users/liucunyu/Documents/all_code/thu_2025/fine-tune/allcode_chemind_server/agent/vectordb/paper_text_clean/10.1002_1099-0690(20021)2002_2_327__aid-ejoc327_3.0.co;2-v.json
/Users/liucunyu/Documents/all_code/thu_2025/fine-tune/allcode_chemind_server/agent/vectordb/paper_text_clean/10.1002_1099-0712(200011_12)10_6_267__aid-amo425_3.0.co;2-7.json
/Users/liucunyu/Documents/all_code/thu_2025/fine-tune/allcode_chemind_server/agent/vectordb/paper_text_clean/10.1002_1099-0836(200101_02)10_1_53__aid-bse270_3.0.co;2-e.json
/Users/liucunyu/Documents/all_code/thu_2025/fine-tune/allcode_chemind_server/agent/vectordb/paper_text_clean/10.1002_1099-1387(200010)6_10_497__aid-psc277_3.0.co;2-w.json
/Users/liucunyu/Documents/all_code/thu_2025/fine-tune/allcode_chemind_server/agent/vectordb/paper_text_clean/10.1002_1099-1395(200011)13_11_713__aid-poc307_3.0.co;2-n.json
/Users/liucunyu/Documents/all_code/thu_2025/fine-tune/allcode_chemind_server/agent/vectordb/paper_text_clean/10.1002_1099-1395(200012)13_12_808__aid-poc319_3.0.co;2-u.json
/Users/liucunyu/Documents/all_code/thu_2025/fine-tune/allcode_chemind_server/agent/vectordb/paper_text_clean/10.1002_1099-1409(200011)4_7_689__aid-jpp235_3.0.co;2-v.json
/Users/liucunyu/Documents/all_code/thu_2025/fine-tune/allcode_chemind_server/agent/vectordb/paper_text_clean/10.1002_1099-1573(200008)14_5_323__aid-ptr621_3.0.co;2-q.json
/Users/liucunyu/Documents/all_code/thu_2025/fine-tune/allcode_chemind_server/agent/vectordb/paper_text_clean/10.1002_1099-1581(200003)11_3_108__aid-pat952_3.0.co;2-a.json
/Users/liucunyu/Documents/all_code/thu_2025/fine-tune/allcode_chemind_server/agent/vectordb/paper_text_clean/10.1002_1099-1581(200008_12)11_8_12_524__aid-pat999_3.0.co;2-8.json
/Users/liucunyu/Documents/all_code/thu_2025/fine-tune/allcode_chemind_server/agent/vectordb/paper_text_clean/10.1002_1099-1581(200008_12)11_8_12_534__aid-pat2_3.0.co;2-r.json
/Users/liucunyu/Documents/all_code/thu_2025/fine-tune/allcode_chemind_server/agent/vectordb/paper_text_clean/10.1002_1439-7633(20010302)2_3_180__aid-cbic180_3.0.co;2-b.json
/Users/liucunyu/Documents/all_code/thu_2025/fine-tune/allcode_chemind_server/agent/vectordb/paper_text_clean/10.1002_1439-7633(20010302)2_3_190__aid-cbic190_3.0.co;2-7.json
/Users/liucunyu/Documents/all_code/thu_2025/fine-tune/allcode_chemind_server/agent/vectordb/paper_text_clean/10.1002_1439-7641(20020215)3_2_155__aid-cphc155_3.0.co;2-s.json
/Users/liucunyu/Documents/all_code/thu_2025/fine-tune/allcode_chemind_server/agent/vectordb/paper_text_clean/10.1002_1439-7641(20020315)3_3_276__aid-cphc276_3.0.co;2-a.json
/Users/liucunyu/Documents/all_code/thu_2025/fine-tune/allcode_chemind_server/agent/vectordb/paper_text_clean/10.1002_1439-7641(20020715)3_7_620__aid-cphc620_3.0.co;2-u.json
/Users/liucunyu/Documents/all_code/thu_2025/fine-tune/allcode_chemind_server/agent/vectordb/paper_text_clean/10.1002_1439-7641(20020816)3_8_668__aid-cphc668_3.0.co;2-g.json
/Users/liucunyu/Documents/all_code/thu_2025/fine-tune/allcode_chemind_server/agent/vectordb/paper_text_clean/10.1002_1439-7641(20020816)3_8_707__aid-cphc707_3.0.co;2-3.json
/Users/liucunyu/Documents/all_code/thu_2025/fine-tune/allcode_chemind_server/agent/vectordb/paper_text_clean/10.1002_1439-7641(20021115)3_11_952__aid-cphc952_3.0.co;2-y.json
/Users/liucunyu/Documents/all_code/thu_2025/fine-tune/allcode_chemind_server/agent/vectordb/paper_text_clean/10.1002_1520-6521(2000)4_4_204__aid-fact5_3.0.co;2-7.json
/Users/liucunyu/Documents/all_code/thu_2025/fine-tune/allcode_chemind_server/agent/vectordb/paper_text_clean/10.1002_1521-3757(20021018)114_20_4046__aid-ange4046_3.0.co;2-h.json
/Users/liucunyu/Documents/all_code/thu_2025/fine-tune/allcode_chemind_server/agent/vectordb/paper_text_clean/10.1002_1521-3765(20000616)6_12_2184__aid-chem2184_3.0.co;2-6.json
/Users/liucunyu/Documents/all_code/thu_2025/fine-tune/allcode_chemind_server/agent/vectordb/paper_text_clean/10.1002_1521-3765(20000616)6_12_2184__aid-chem2184_3.3.co;2-y.json
/Users/liucunyu/Documents/all_code/thu_2025/fine-tune/allcode_chemind_server/agent/vectordb/paper_text_clean/10.1002_1521-3765(20000804)6_15_2721__aid-chem2721_3.0.co;2-z.json
/Users/liucunyu/Documents/all_code/thu_2025/fine-tune/allcode_chemind_server/agent/vectordb/paper_text_clean/10.1002_1521-3765(20000818)6_16_2982__aid-chem2982_3.0.co;2-s.json
/Users/liucunyu/Documents/all_code/thu_2025/fine-tune/allcode_chemind_server/agent/vectordb/paper_text_clean/10.1002_1521-3765(20000818)6_16_3060__aid-chem3060_3.0.co;2-m.json
/Users/liucunyu/Documents/all_code/thu_2025/fine-tune/allcode_chemind_server/agent/vectordb/paper_text_clean/10.1002_1521-3765(20010105)7_1_139__aid-chem139_3.0.co;2-q.json
/Users/liucunyu/Documents/all_code/thu_2025/fine-tune/allcode_chemind_server/agent/vectordb/paper_text_clean/10.1002_1521-3765(20010119)7_2_490__aid-chem490_3.0.co;2-i.json
/Users/liucunyu/Documents/all_code/thu_2025/fine-tune/allcode_chemind_server/agent/vectordb/paper_text_clean/10.1002_1521-3765(20010119)7_2_490__aid-chem490_3.3.co;2-9.json
/Users/liucunyu/Documents/all_code/thu_2025/fine-tune/allcode_chemind_server/agent/vectordb/paper_text_clean/10.1002_1521-3765(20010216)7_4_816__aid-chem816_3.0.co;2-a.json
/Users/liucunyu/Documents/all_code/thu_2025/fine-tune/allcode_chemind_server/agent/vectordb/paper_text_clean/10.1002_1521-3765(20010216)7_4_894__aid-chem894_3.0.co;2-n.json
/Users/liucunyu/Documents/all_code/thu_2025/fine-tune/allcode_chemind_server/agent/vectordb/paper_text_clean/10.1002_1521-3765(20010618)7_12_2563__aid-chem25630_3.0.co;2-w.json
/Users/liucunyu/Documents/all_code/thu_2025/fine-tune/allcode_chemind_server/agent/vectordb/paper_text_clean/10.1002_1521-3765(20010618)7_12_2635__aid-chem26350_3.0.co;2-7.json
/Users/liucunyu/Documents/all_code/thu_2025/fine-tune/allcode_chemind_server/agent/vectordb/paper_text_clean/10.1002_1521-3765(20010803)7_15_3196__aid-chem3196_3.0.co;2-m.json
/Users/liucunyu/Documents/all_code/thu_2025/fine-tune/allcode_chemind_server/agent/vectordb/paper_text_clean/10.1002_1521-3765(20010817)7_16_3430__aid-chem3430_3.0.co;2-1.json
/Users/liucunyu/Documents/all_code/thu_2025/fine-tune/allcode_chemind_server/agent/vectordb/paper_text_clean/10.1002_1521-3765(20011105)7_21_4696__aid-chem4696_3.0.co;2-5.json
/Users/liucunyu/Documents/all_code/thu_2025/fine-tune/allcode_chemind_server/agent/vectordb/paper_text_clean/10.1002_1521-3765(20011217)7_24_5277__aid-chem5277_3.0.co;2-c.json
/Users/liucunyu/Documents/all_code/thu_2025/fine-tune/allcode_chemind_server/agent/vectordb/paper_text_clean/10.1002_1521-3765(20011217)7_24_5299__aid-chem5299_3.0.co;2-x.json
/Users/liucunyu/Documents/all_code/thu_2025/fine-tune/allcode_chemind_server/agent/vectordb/paper_text_clean/10.1002_1521-3765(20020118)8_2_408__aid-chem408_3.0.co;2-l.json
/Users/liucunyu/Documents/all_code/thu_2025/fine-tune/allcode_chemind_server/agent/vectordb/paper_text_clean/10.1002_1521-3765(20020517)8_10_2225__aid-chem2225_3.0.co;2-x.json
/Users/liucunyu/Documents/all_code/thu_2025/fine-tune/allcode_chemind_server/agent/vectordb/paper_text_clean/10.1002_1521-3765(20020617)8_12_2650__aid-chem2650_3.0.co;2-s.json
/Users/liucunyu/Documents/all_code/thu_2025/fine-tune/allcode_chemind_server/agent/vectordb/paper_text_clean/10.1002_1521-3765(20020802)8_15_3458__aid-chem3458_3.0.co;2-y.json
/Users/liucunyu/Documents/all_code/thu_2025/fine-tune/allcode_chemind_server/agent/vectordb/paper_text_clean/10.1002_1521-3765(20020816)8_16_3671__aid-chem3671_3.0.co;2-9.json
/Users/liucunyu/Documents/all_code/thu_2025/fine-tune/allcode_chemind_server/agent/vectordb/paper_text_clean/10.1002_1521-3765(20020816)8_16_3757__aid-chem3757_3.0.co;2-8.json
/Users/liucunyu/Documents/all_code/thu_2025/fine-tune/allcode_chemind_server/agent/vectordb/paper_text_clean/10.1002_1521-3765(20021004)8_19_4354__aid-chem4354_3.0.co;2-1.json
/Users/liucunyu/Documents/all_code/thu_2025/fine-tune/allcode_chemind_server/agent/vectordb/paper_text_clean/10.1002_1521-3765(20021004)8_19_4402__aid-chem4402_3.0.co;2-h.json
/Users/liucunyu/Documents/all_code/thu_2025/fine-tune/allcode_chemind_server/agent/vectordb/paper_text_clean/10.1002_1521-3773(20010401)40_7_1162__aid-anie1162_3.0.co;2-f.json
/Users/liucunyu/Documents/all_code/thu_2025/fine-tune/allcode_chemind_server/agent/vectordb/paper_text_clean/10.1002_1521-3773(20010401)40_7_1162__aid-anie1162_3.3.co;2-6.json
/Users/liucunyu/Documents/all_code/thu_2025/fine-tune/allcode_chemind_server/agent/vectordb/paper_text_clean/10.1002_1521-3773(20010417)40_8_1411__aid-anie1411_3.0.co;2-u.json
/Users/liucunyu/Documents/all_code/thu_2025/fine-tune/allcode_chemind_server/agent/vectordb/paper_text_clean/10.1002_1521-3773(20010601)40_11_2004__aid-anie2004_3.0.co;2-5.json
/Users/liucunyu/Documents/all_code/thu_2025/fine-tune/allcode_chemind_server/agent/vectordb/paper_text_clean/10.1002_1521-3773(20010601)40_11_2004__aid-anie2004_3.3.co;2-x.json
/Users/liucunyu/Documents/all_code/thu_2025/fine-tune/allcode_chemind_server/agent/vectordb/paper_text_clean/10.1002_1521-3773(20010702)40_13_2382__aid-anie2382_3.0.co;2-g.json
/Users/liucunyu/Documents/all_code/thu_2025/fine-tune/allcode_chemind_server/agent/vectordb/paper_text_clean/10.1002_1521-3773(20010803)40_15_2893__aid-anie2893_3.0.co;2-b.json
/Users/liucunyu/Documents/all_code/thu_2025/fine-tune/allcode_chemind_server/agent/vectordb/paper_text_clean/10.1002_1521-3773(20010803)40_15_2918__aid-anie2918_3.0.co;2-s.json
/Users/liucunyu/Documents/all_code/thu_2025/fine-tune/allcode_chemind_server/agent/vectordb/paper_text_clean/10.1002_1521-3773(20010917)40_18_3367__aid-anie3367_3.0.co;2-a.json
/Users/liucunyu/Documents/all_code/thu_2025/fine-tune/allcode_chemind_server/agent/vectordb/paper_text_clean/10.1002_1521-3773(20010917)40_18_3369__aid-anie3369_3.0.co;2-z.json
/Users/liucunyu/Documents/all_code/thu_2025/fine-tune/allcode_chemind_server/agent/vectordb/paper_text_clean/10.1002_1521-3773(20010917)40_18_3458__aid-anie3458_3.0.co;2-0.json
/Users/liucunyu/Documents/all_code/thu_2025/fine-tune/allcode_chemind_server/agent/vectordb/paper_text_clean/10.1002_1521-3773(20011015)40_20_3817__aid-anie3817_3.0.co;2-3.json
/Users/liucunyu/Documents/all_code/thu_2025/fine-tune/allcode_chemind_server/agent/vectordb/paper_text_clean/10.1002_1521-3773(20011105)40_21_3960__aid-anie3960_3.0.co;2-u.json
/Users/liucunyu/Documents/all_code/thu_2025/fine-tune/allcode_chemind_server/agent/vectordb/paper_text_clean/10.1002_1521-3773(20011105)40_21_4049__aid-anie4049_3.0.co;2-w.json
/Users/liucunyu/Documents/all_code/thu_2025/fine-tune/allcode_chemind_server/agent/vectordb/paper_text_clean/10.1002_1521-3773(20011105)40_21_4077__aid-anie4077_3.0.co;2-1.json
/Users/liucunyu/Documents/all_code/thu_2025/fine-tune/allcode_chemind_server/agent/vectordb/paper_text_clean/10.1002_1521-3773(20011217)40_24_4591__aid-anie4591_3.0.co;2-v.json
/Users/liucunyu/Documents/all_code/thu_2025/fine-tune/allcode_chemind_server/agent/vectordb/paper_text_clean/10.1002_1521-3773(20011217)40_24_4674__aid-anie4674_3.0.co;2-b.json
/Users/liucunyu/Documents/all_code/thu_2025/fine-tune/allcode_chemind_server/agent/vectordb/paper_text_clean/10.1002_1521-3773(20011217)40_24_4680__aid-anie4680_3.0.co;2-x.json
/Users/liucunyu/Documents/all_code/thu_2025/fine-tune/allcode_chemind_server/agent/vectordb/paper_text_clean/10.1002_1521-3773(20011217)40_24_4759__aid-anie4759_3.0.co;2-g.json
/Users/liucunyu/Documents/all_code/thu_2025/fine-tune/allcode_chemind_server/agent/vectordb/paper_text_clean/10.1002_1521-3773(20020201)41_3_481__aid-anie481_3.0.co;2-7.json
/Users/liucunyu/Documents/all_code/thu_2025/fine-tune/allcode_chemind_server/agent/vectordb/paper_text_clean/10.1002_1521-3773(20020201)41_3_512__aid-anie512_3.0.co;2-r.json
/Users/liucunyu/Documents/all_code/thu_2025/fine-tune/allcode_chemind_server/agent/vectordb/paper_text_clean/10.1002_1521-3773(20020315)41_6_979__aid-anie979_3.0.co;2-e.json
/Users/liucunyu/Documents/all_code/thu_2025/fine-tune/allcode_chemind_server/agent/vectordb/paper_text_clean/10.1002_1521-3773(20020315)41_6_989__aid-anie989_3.0.co;2-a.json
/Users/liucunyu/Documents/all_code/thu_2025/fine-tune/allcode_chemind_server/agent/vectordb/paper_text_clean/10.1002_1521-3773(20020415)41_8_1329__aid-anie1329_3.0.co;2-p.json
/Users/liucunyu/Documents/all_code/thu_2025/fine-tune/allcode_chemind_server/agent/vectordb/paper_text_clean/10.1002_1521-3773(20020503)41_9_1532__aid-anie1532_3.0.co;2-j.json
/Users/liucunyu/Documents/all_code/thu_2025/fine-tune/allcode_chemind_server/agent/vectordb/paper_text_clean/10.1002_1521-3773(20020503)41_9_1598__aid-anie1598_3.0.co;2-8.json
/Users/liucunyu/Documents/all_code/thu_2025/fine-tune/allcode_chemind_server/agent/vectordb/paper_text_clean/10.1002_1521-3773(20020517)41_10_1793__aid-anie1793_3.0.co;2-g.json
/Users/liucunyu/Documents/all_code/thu_2025/fine-tune/allcode_chemind_server/agent/vectordb/paper_text_clean/10.1002_1521-3773(20020617)41_12_2113__aid-anie2113_3.0.co;2-q.json
/Users/liucunyu/Documents/all_code/thu_2025/fine-tune/allcode_chemind_server/agent/vectordb/paper_text_clean/10.1002_1521-3773(20020715)41_14_2446__aid-anie2446_3.0.co;2-k.json
/Users/liucunyu/Documents/all_code/thu_2025/fine-tune/allcode_chemind_server/agent/vectordb/paper_text_clean/10.1002_1521-3773(20020715)41_14_2596__aid-anie2596_3.0.co;2-4.json
/Users/liucunyu/Documents/all_code/thu_2025/fine-tune/allcode_chemind_server/agent/vectordb/paper_text_clean/10.1002_1521-3773(20020715)41_14_2599__aid-anie2599_3.0.co;2-n.json
/Users/liucunyu/Documents/all_code/thu_2025/fine-tune/allcode_chemind_server/agent/vectordb/paper_text_clean/10.1002_1521-3773(20020802)41_15_2792__aid-anie2792_3.0.co;2-k.json
/Users/liucunyu/Documents/all_code/thu_2025/fine-tune/allcode_chemind_server/agent/vectordb/paper_text_clean/10.1002_1521-3773(20020816)41_16_2933__aid-anie2933_3.0.co;2-6.json
/Users/liucunyu/Documents/all_code/thu_2025/fine-tune/allcode_chemind_server/agent/vectordb/paper_text_clean/10.1002_1521-3773(20020916)41_18_3338__aid-anie3338_3.0.co;2-7.json
/Users/liucunyu/Documents/all_code/thu_2025/fine-tune/allcode_chemind_server/agent/vectordb/paper_text_clean/10.1002_1521-3773(20020916)41_18_3470__aid-anie3470_3.0.co;2-4.json
/Users/liucunyu/Documents/all_code/thu_2025/fine-tune/allcode_chemind_server/agent/vectordb/paper_text_clean/10.1002_1521-3773(20021004)41_19_3665__aid-anie3665_3.0.co;2-b.json
/Users/liucunyu/Documents/all_code/thu_2025/fine-tune/allcode_chemind_server/agent/vectordb/paper_text_clean/10.1002_1521-3773(20021018)41_20_3890__aid-anie3890_3.0.co;2-m.json
/Users/liucunyu/Documents/all_code/thu_2025/fine-tune/allcode_chemind_server/agent/vectordb/paper_text_clean/10.1002_1521-3773(20021104)41_21_4098__aid-anie4098_3.0.co;2-p.json
/Users/liucunyu/Documents/all_code/thu_2025/fine-tune/allcode_chemind_server/agent/vectordb/paper_text_clean/10.1002_1521-3773(20021104)41_21_4122__aid-anie4122_3.0.co;2-w.json
/Users/liucunyu/Documents/all_code/thu_2025/fine-tune/allcode_chemind_server/agent/vectordb/paper_text_clean/10.1002_1521-3773(20021202)41_23_4503__aid-anie4503_3.0.co;2-5.json
/Users/liucunyu/Documents/all_code/thu_2025/fine-tune/allcode_chemind_server/agent/vectordb/paper_text_clean/10.1002_1521-3900(200007)156_1_179__aid-masy179_3.0.co;2-7.json
/Users/liucunyu/Documents/all_code/thu_2025/fine-tune/allcode_chemind_server/agent/vectordb/paper_text_clean/10.1002_1521-3900(200007)156_1_187__aid-masy187_3.0.co;2-b.json
/Users/liucunyu/Documents/all_code/thu_2025/fine-tune/allcode_chemind_server/agent/vectordb/paper_text_clean/10.1002_1521-3900(200007)156_1_223__aid-masy223_3.0.co;2-a.json
/Users/liucunyu/Documents/all_code/thu_2025/fine-tune/allcode_chemind_server/agent/vectordb/paper_text_clean/10.1002_1521-3900(200010)159_1_229__aid-masy229_3.0.co;2-o.json
/Users/liucunyu/Documents/all_code/thu_2025/fine-tune/allcode_chemind_server/agent/vectordb/paper_text_clean/10.1002_1521-3900(200110)175_1_45__aid-masy45_3.0.co;2-m.json
/Users/liucunyu/Documents/all_code/thu_2025/fine-tune/allcode_chemind_server/agent/vectordb/paper_text_clean/10.1002_1521-3900(200208)186_1_35__aid-masy35_3.0.co;2-e.json
/Users/liucunyu/Documents/all_code/thu_2025/fine-tune/allcode_chemind_server/agent/vectordb/paper_text_clean/10.1002_1521-3927(20010901)22_13_1072__aid-marc1072_3.0.co;2-7.json
/Users/liucunyu/Documents/all_code/thu_2025/fine-tune/allcode_chemind_server/agent/vectordb/paper_text_clean/10.1002_1521-3935(20010201)202_4_495__aid-macp495_3.0.co;2-n.json
/Users/liucunyu/Documents/all_code/thu_2025/fine-tune/allcode_chemind_server/agent/vectordb/paper_text_clean/10.1002_1521-3935(20010301)202_6_866__aid-macp866_3.0.co;2-c.json
/Users/liucunyu/Documents/all_code/thu_2025/fine-tune/allcode_chemind_server/agent/vectordb/paper_text_clean/10.1002_1521-3935(20010401)202_7_1262__aid-macp1262_3.0.co;2-p.json
/Users/liucunyu/Documents/all_code/thu_2025/fine-tune/allcode_chemind_server/agent/vectordb/paper_text_clean/10.1002_1521-3935(20010401)202_7_1262__aid-macp1262_3.3.co;2-g.json
/Users/liucunyu/Documents/all_code/thu_2025/fine-tune/allcode_chemind_server/agent/vectordb/paper_text_clean/10.1002_1521-3935(20020101)203_1_230__aid-macp230_3.0.co;2-3.json
/Users/liucunyu/Documents/all_code/thu_2025/fine-tune/allcode_chemind_server/agent/vectordb/paper_text_clean/10.1002_1521-3935(20020101)203_2_354__aid-macp354_3.0.co;2-b.json
/Users/liucunyu/Documents/all_code/thu_2025/fine-tune/allcode_chemind_server/agent/vectordb/paper_text_clean/10.1002_1521-3935(200209)203_13_1906__aid-macp1906_3.0.co;2-i.json
/Users/liucunyu/Documents/all_code/thu_2025/fine-tune/allcode_chemind_server/agent/vectordb/paper_text_clean/10.1002_1521-396x(199705)161_1_301__aid-pssa301_3.0.co;2-q.json
/Users/liucunyu/Documents/all_code/thu_2025/fine-tune/allcode_chemind_server/agent/vectordb/paper_text_clean/10.1002_1521-4095(200006)12_12_894__aid-adma894_3.0.co;2-4.json
